[INFO ] 2018-09-08 10:30:19 [main] c.e.e.r.center.RegisterApplication - The following profiles are active: one
[INFO ] 2018-09-08 10:30:19 [main] o.s.b.c.e.AnnotationConfigEmbeddedWebApplicationContext - Refreshing org.springframework.boot.context.embedded.AnnotationConfigEmbeddedWebApplicationContext@2b0b4d53: startup date [Sat Sep 08 10:30:19 CST 2018]; parent: org.springframework.context.annotation.AnnotationConfigApplicationContext@63798ca7
[INFO ] 2018-09-08 10:30:19 [main] o.s.cloud.context.scope.GenericScope - BeanFactory id=e1c7d27d-e893-3f2b-8842-55fa68874484
[INFO ] 2018-09-08 10:30:19 [main] o.s.b.f.a.AutowiredAnnotationBeanPostProcessor - JSR-330 'javax.inject.Inject' annotation found and supported for autowiring
[INFO ] 2018-09-08 10:30:19 [main] o.s.c.s.PostProcessorRegistrationDelegate$BeanPostProcessorChecker - Bean 'org.springframework.cloud.netflix.metrics.MetricsInterceptorConfiguration$MetricsRestTemplateConfiguration' of type [org.springframework.cloud.netflix.metrics.MetricsInterceptorConfiguration$MetricsRestTemplateConfiguration$$EnhancerBySpringCGLIB$$5bc16423] is not eligible for getting processed by all BeanPostProcessors (for example: not eligible for auto-proxying)
[INFO ] 2018-09-08 10:30:19 [main] o.s.c.s.PostProcessorRegistrationDelegate$BeanPostProcessorChecker - Bean 'org.springframework.cloud.autoconfigure.ConfigurationPropertiesRebinderAutoConfiguration' of type [org.springframework.cloud.autoconfigure.ConfigurationPropertiesRebinderAutoConfiguration$$EnhancerBySpringCGLIB$$45aec0df] is not eligible for getting processed by all BeanPostProcessors (for example: not eligible for auto-proxying)
[INFO ] 2018-09-08 10:30:19 [main] o.s.b.c.e.t.TomcatEmbeddedServletContainer - Tomcat initialized with port(s): 10008 (http)
[INFO ] 2018-09-08 10:30:19 [main] o.a.catalina.core.StandardService - Starting service [Tomcat]
[INFO ] 2018-09-08 10:30:19 [main] o.a.catalina.core.StandardEngine - Starting Servlet Engine: Apache Tomcat/8.5.16
[INFO ] 2018-09-08 10:30:19 [localhost-startStop-1] o.a.c.c.C.[Tomcat].[localhost].[/] - Initializing Spring embedded WebApplicationContext
[INFO ] 2018-09-08 10:30:19 [localhost-startStop-1] o.s.web.context.ContextLoader - Root WebApplicationContext: initialization completed in 2388 ms
[INFO ] 2018-09-08 10:30:19 [localhost-startStop-1] o.s.b.w.s.FilterRegistrationBean - Mapping filter: 'metricsFilter' to: [/*]
[INFO ] 2018-09-08 10:30:19 [localhost-startStop-1] o.s.b.w.s.FilterRegistrationBean - Mapping filter: 'characterEncodingFilter' to: [/*]
[INFO ] 2018-09-08 10:30:19 [localhost-startStop-1] o.s.b.w.s.FilterRegistrationBean - Mapping filter: 'hiddenHttpMethodFilter' to: [/*]
[INFO ] 2018-09-08 10:30:19 [localhost-startStop-1] o.s.b.w.s.FilterRegistrationBean - Mapping filter: 'httpPutFormContentFilter' to: [/*]
[INFO ] 2018-09-08 10:30:19 [localhost-startStop-1] o.s.b.w.s.FilterRegistrationBean - Mapping filter: 'requestContextFilter' to: [/*]
[INFO ] 2018-09-08 10:30:19 [localhost-startStop-1] o.s.b.w.s.FilterRegistrationBean - Mapping filter: 'webRequestTraceFilter' to: [/*]
[INFO ] 2018-09-08 10:30:19 [localhost-startStop-1] o.s.b.w.s.FilterRegistrationBean - Mapping filter: 'servletContainer' to urls: [/eureka/*]
[INFO ] 2018-09-08 10:30:19 [localhost-startStop-1] o.s.b.w.s.FilterRegistrationBean - Mapping filter: 'applicationContextIdFilter' to: [/*]
[INFO ] 2018-09-08 10:30:19 [localhost-startStop-1] o.s.b.w.s.ServletRegistrationBean - Mapping servlet: 'dispatcherServlet' to [/]
[INFO ] 2018-09-08 10:30:19 [localhost-startStop-1] c.s.j.s.i.a.WebApplicationImpl - Initiating Jersey application, version 'Jersey: 1.19.1 03/11/2016 02:08 PM'
[INFO ] 2018-09-08 10:30:19 [localhost-startStop-1] c.n.d.p.DiscoveryJerseyProvider - Using JSON encoding codec LegacyJacksonJson
[INFO ] 2018-09-08 10:30:19 [localhost-startStop-1] c.n.d.p.DiscoveryJerseyProvider - Using JSON decoding codec LegacyJacksonJson
[INFO ] 2018-09-08 10:30:19 [localhost-startStop-1] c.n.d.p.DiscoveryJerseyProvider - Using XML encoding codec XStreamXml
[INFO ] 2018-09-08 10:30:19 [localhost-startStop-1] c.n.d.p.DiscoveryJerseyProvider - Using XML decoding codec XStreamXml
[INFO ] 2018-09-08 10:30:19 [main] c.n.c.sources.URLConfigurationSource - To enable URLs as dynamic configuration sources, define System property archaius.configurationSource.additionalUrls or make config.properties available on classpath.
[INFO ] 2018-09-08 10:30:19 [main] c.n.c.sources.URLConfigurationSource - To enable URLs as dynamic configuration sources, define System property archaius.configurationSource.additionalUrls or make config.properties available on classpath.
[INFO ] 2018-09-08 10:30:19 [main] o.s.w.s.m.m.a.RequestMappingHandlerAdapter - Looking for @ControllerAdvice: org.springframework.boot.context.embedded.AnnotationConfigEmbeddedWebApplicationContext@2b0b4d53: startup date [Sat Sep 08 10:30:19 CST 2018]; parent: org.springframework.context.annotation.AnnotationConfigApplicationContext@63798ca7
[INFO ] 2018-09-08 10:30:19 [main] o.s.w.s.m.m.a.RequestMappingHandlerMapping - Mapped "{[/error]}" onto public org.springframework.http.ResponseEntity<java.util.Map<java.lang.String, java.lang.Object>> org.springframework.boot.autoconfigure.web.BasicErrorController.error(javax.servlet.http.HttpServletRequest)
[INFO ] 2018-09-08 10:30:19 [main] o.s.w.s.m.m.a.RequestMappingHandlerMapping - Mapped "{[/error],produces=[text/html]}" onto public org.springframework.web.servlet.ModelAndView org.springframework.boot.autoconfigure.web.BasicErrorController.errorHtml(javax.servlet.http.HttpServletRequest,javax.servlet.http.HttpServletResponse)
[INFO ] 2018-09-08 10:30:19 [main] o.s.w.s.m.m.a.RequestMappingHandlerMapping - Mapped "{[/],methods=[GET]}" onto public java.lang.String org.springframework.cloud.netflix.eureka.server.EurekaController.status(javax.servlet.http.HttpServletRequest,java.util.Map<java.lang.String, java.lang.Object>)
[INFO ] 2018-09-08 10:30:19 [main] o.s.w.s.m.m.a.RequestMappingHandlerMapping - Mapped "{[/lastn],methods=[GET]}" onto public java.lang.String org.springframework.cloud.netflix.eureka.server.EurekaController.lastn(javax.servlet.http.HttpServletRequest,java.util.Map<java.lang.String, java.lang.Object>)
[INFO ] 2018-09-08 10:30:19 [main] o.s.w.s.h.SimpleUrlHandlerMapping - Mapped URL path [/webjars/**] onto handler of type [class org.springframework.web.servlet.resource.ResourceHttpRequestHandler]
[INFO ] 2018-09-08 10:30:19 [main] o.s.w.s.h.SimpleUrlHandlerMapping - Mapped URL path [/**] onto handler of type [class org.springframework.web.servlet.resource.ResourceHttpRequestHandler]
[INFO ] 2018-09-08 10:30:19 [main] o.s.w.s.h.SimpleUrlHandlerMapping - Mapped URL path [/**/favicon.ico] onto handler of type [class org.springframework.web.servlet.resource.ResourceHttpRequestHandler]
[INFO ] 2018-09-08 10:30:19 [main] o.s.b.a.e.mvc.EndpointHandlerMapping - Mapped "{[/env/{name:.*}],methods=[GET],produces=[application/vnd.spring-boot.actuator.v1+json || application/json]}" onto public java.lang.Object org.springframework.boot.actuate.endpoint.mvc.EnvironmentMvcEndpoint.value(java.lang.String)
[INFO ] 2018-09-08 10:30:19 [main] o.s.b.a.e.mvc.EndpointHandlerMapping - Mapped "{[/env || /env.json],methods=[GET],produces=[application/vnd.spring-boot.actuator.v1+json || application/json]}" onto public java.lang.Object org.springframework.boot.actuate.endpoint.mvc.EndpointMvcAdapter.invoke()
[INFO ] 2018-09-08 10:30:19 [main] o.s.b.a.e.mvc.EndpointHandlerMapping - Mapped "{[/heapdump || /heapdump.json],methods=[GET],produces=[application/octet-stream]}" onto public void org.springframework.boot.actuate.endpoint.mvc.HeapdumpMvcEndpoint.invoke(boolean,javax.servlet.http.HttpServletRequest,javax.servlet.http.HttpServletResponse) throws java.io.IOException,javax.servlet.ServletException
[INFO ] 2018-09-08 10:30:19 [main] o.s.b.a.e.mvc.EndpointHandlerMapping - Mapped "{[/health || /health.json],methods=[GET],produces=[application/vnd.spring-boot.actuator.v1+json || application/json]}" onto public java.lang.Object org.springframework.boot.actuate.endpoint.mvc.HealthMvcEndpoint.invoke(javax.servlet.http.HttpServletRequest,java.security.Principal)
[INFO ] 2018-09-08 10:30:19 [main] o.s.b.a.e.mvc.EndpointHandlerMapping - Mapped "{[/beans || /beans.json],methods=[GET],produces=[application/vnd.spring-boot.actuator.v1+json || application/json]}" onto public java.lang.Object org.springframework.boot.actuate.endpoint.mvc.EndpointMvcAdapter.invoke()
[INFO ] 2018-09-08 10:30:19 [main] o.s.b.a.e.mvc.EndpointHandlerMapping - Mapped "{[/configprops || /configprops.json],methods=[GET],produces=[application/vnd.spring-boot.actuator.v1+json || application/json]}" onto public java.lang.Object org.springframework.boot.actuate.endpoint.mvc.EndpointMvcAdapter.invoke()
[INFO ] 2018-09-08 10:30:19 [main] o.s.b.a.e.mvc.EndpointHandlerMapping - Mapped "{[/metrics/{name:.*}],methods=[GET],produces=[application/vnd.spring-boot.actuator.v1+json || application/json]}" onto public java.lang.Object org.springframework.boot.actuate.endpoint.mvc.MetricsMvcEndpoint.value(java.lang.String)
[INFO ] 2018-09-08 10:30:19 [main] o.s.b.a.e.mvc.EndpointHandlerMapping - Mapped "{[/metrics || /metrics.json],methods=[GET],produces=[application/vnd.spring-boot.actuator.v1+json || application/json]}" onto public java.lang.Object org.springframework.boot.actuate.endpoint.mvc.EndpointMvcAdapter.invoke()
[INFO ] 2018-09-08 10:30:19 [main] o.s.b.a.e.mvc.EndpointHandlerMapping - Mapped "{[/env],methods=[POST]}" onto public java.lang.Object org.springframework.cloud.context.environment.EnvironmentManagerMvcEndpoint.value(java.util.Map<java.lang.String, java.lang.String>)
[INFO ] 2018-09-08 10:30:19 [main] o.s.b.a.e.mvc.EndpointHandlerMapping - Mapped "{[/env/reset],methods=[POST]}" onto public java.util.Map<java.lang.String, java.lang.Object> org.springframework.cloud.context.environment.EnvironmentManagerMvcEndpoint.reset()
[INFO ] 2018-09-08 10:30:19 [main] o.s.b.a.e.mvc.EndpointHandlerMapping - Mapped "{[/archaius || /archaius.json],methods=[GET],produces=[application/vnd.spring-boot.actuator.v1+json || application/json]}" onto public java.lang.Object org.springframework.boot.actuate.endpoint.mvc.EndpointMvcAdapter.invoke()
[INFO ] 2018-09-08 10:30:19 [main] o.s.b.a.e.mvc.EndpointHandlerMapping - Mapped "{[/loggers/{name:.*}],methods=[GET],produces=[application/vnd.spring-boot.actuator.v1+json || application/json]}" onto public java.lang.Object org.springframework.boot.actuate.endpoint.mvc.LoggersMvcEndpoint.get(java.lang.String)
[INFO ] 2018-09-08 10:30:19 [main] o.s.b.a.e.mvc.EndpointHandlerMapping - Mapped "{[/loggers/{name:.*}],methods=[POST],consumes=[application/vnd.spring-boot.actuator.v1+json || application/json],produces=[application/vnd.spring-boot.actuator.v1+json || application/json]}" onto public java.lang.Object org.springframework.boot.actuate.endpoint.mvc.LoggersMvcEndpoint.set(java.lang.String,java.util.Map<java.lang.String, java.lang.String>)
[INFO ] 2018-09-08 10:30:19 [main] o.s.b.a.e.mvc.EndpointHandlerMapping - Mapped "{[/loggers || /loggers.json],methods=[GET],produces=[application/vnd.spring-boot.actuator.v1+json || application/json]}" onto public java.lang.Object org.springframework.boot.actuate.endpoint.mvc.EndpointMvcAdapter.invoke()
[INFO ] 2018-09-08 10:30:19 [main] o.s.b.a.e.mvc.EndpointHandlerMapping - Mapped "{[/trace || /trace.json],methods=[GET],produces=[application/vnd.spring-boot.actuator.v1+json || application/json]}" onto public java.lang.Object org.springframework.boot.actuate.endpoint.mvc.EndpointMvcAdapter.invoke()
[INFO ] 2018-09-08 10:30:19 [main] o.s.b.a.e.mvc.EndpointHandlerMapping - Mapped "{[/features || /features.json],methods=[GET],produces=[application/vnd.spring-boot.actuator.v1+json || application/json]}" onto public java.lang.Object org.springframework.boot.actuate.endpoint.mvc.EndpointMvcAdapter.invoke()
[INFO ] 2018-09-08 10:30:19 [main] o.s.b.a.e.mvc.EndpointHandlerMapping - Mapped "{[/info || /info.json],methods=[GET],produces=[application/vnd.spring-boot.actuator.v1+json || application/json]}" onto public java.lang.Object org.springframework.boot.actuate.endpoint.mvc.EndpointMvcAdapter.invoke()
[INFO ] 2018-09-08 10:30:19 [main] o.s.b.a.e.mvc.EndpointHandlerMapping - Mapped "{[/auditevents || /auditevents.json],methods=[GET],produces=[application/vnd.spring-boot.actuator.v1+json || application/json]}" onto public org.springframework.http.ResponseEntity<?> org.springframework.boot.actuate.endpoint.mvc.AuditEventsMvcEndpoint.findByPrincipalAndAfterAndType(java.lang.String,java.util.Date,java.lang.String)
[INFO ] 2018-09-08 10:30:19 [main] o.s.b.a.e.mvc.EndpointHandlerMapping - Mapped "{[/service-registry/instance-status],methods=[GET]}" onto public org.springframework.http.ResponseEntity org.springframework.cloud.client.serviceregistry.endpoint.ServiceRegistryEndpoint.getStatus()
[INFO ] 2018-09-08 10:30:19 [main] o.s.b.a.e.mvc.EndpointHandlerMapping - Mapped "{[/service-registry/instance-status],methods=[POST]}" onto public org.springframework.http.ResponseEntity<?> org.springframework.cloud.client.serviceregistry.endpoint.ServiceRegistryEndpoint.setStatus(java.lang.String)
[INFO ] 2018-09-08 10:30:19 [main] o.s.b.a.e.mvc.EndpointHandlerMapping - Mapped "{[/mappings || /mappings.json],methods=[GET],produces=[application/vnd.spring-boot.actuator.v1+json || application/json]}" onto public java.lang.Object org.springframework.boot.actuate.endpoint.mvc.EndpointMvcAdapter.invoke()
[INFO ] 2018-09-08 10:30:19 [main] o.s.b.a.e.mvc.EndpointHandlerMapping - Mapped "{[/dump || /dump.json],methods=[GET],produces=[application/vnd.spring-boot.actuator.v1+json || application/json]}" onto public java.lang.Object org.springframework.boot.actuate.endpoint.mvc.EndpointMvcAdapter.invoke()
[INFO ] 2018-09-08 10:30:19 [main] o.s.b.a.e.mvc.EndpointHandlerMapping - Mapped "{[/refresh || /refresh.json],methods=[POST]}" onto public java.lang.Object org.springframework.cloud.endpoint.GenericPostableMvcEndpoint.invoke()
[INFO ] 2018-09-08 10:30:19 [main] o.s.b.a.e.mvc.EndpointHandlerMapping - Mapped "{[/autoconfig || /autoconfig.json],methods=[GET],produces=[application/vnd.spring-boot.actuator.v1+json || application/json]}" onto public java.lang.Object org.springframework.boot.actuate.endpoint.mvc.EndpointMvcAdapter.invoke()
[INFO ] 2018-09-08 10:30:19 [main] o.s.u.f.SpringTemplateLoader - SpringTemplateLoader for FreeMarker: using resource loader [org.springframework.boot.context.embedded.AnnotationConfigEmbeddedWebApplicationContext@2b0b4d53: startup date [Sat Sep 08 10:30:19 CST 2018]; parent: org.springframework.context.annotation.AnnotationConfigApplicationContext@63798ca7] and template loader path [classpath:/templates/]
[INFO ] 2018-09-08 10:30:19 [main] o.s.w.s.v.f.FreeMarkerConfigurer - ClassTemplateLoader for Spring macros added to FreeMarker configuration
[INFO ] 2018-09-08 10:30:19 [main] o.s.c.n.eureka.InstanceInfoFactory - Setting initial instance status as: STARTING
[INFO ] 2018-09-08 10:30:19 [main] c.netflix.discovery.DiscoveryClient - Initializing Eureka in region us-east-1
[INFO ] 2018-09-08 10:30:19 [main] c.n.d.p.DiscoveryJerseyProvider - Using JSON encoding codec LegacyJacksonJson
[INFO ] 2018-09-08 10:30:19 [main] c.n.d.p.DiscoveryJerseyProvider - Using JSON decoding codec LegacyJacksonJson
[INFO ] 2018-09-08 10:30:19 [main] c.n.d.p.DiscoveryJerseyProvider - Using XML encoding codec XStreamXml
[INFO ] 2018-09-08 10:30:19 [main] c.n.d.p.DiscoveryJerseyProvider - Using XML decoding codec XStreamXml
[INFO ] 2018-09-08 10:30:19 [main] c.n.d.s.r.aws.ConfigClusterResolver - Resolving eureka endpoints via configuration
[INFO ] 2018-09-08 10:30:19 [main] c.netflix.discovery.DiscoveryClient - Disable delta property : false
[INFO ] 2018-09-08 10:30:19 [main] c.netflix.discovery.DiscoveryClient - Single vip registry refresh property : null
[INFO ] 2018-09-08 10:30:19 [main] c.netflix.discovery.DiscoveryClient - Force full registry fetch : false
[INFO ] 2018-09-08 10:30:19 [main] c.netflix.discovery.DiscoveryClient - Application is null : false
[INFO ] 2018-09-08 10:30:19 [main] c.netflix.discovery.DiscoveryClient - Registered Applications size is zero : true
[INFO ] 2018-09-08 10:30:19 [main] c.netflix.discovery.DiscoveryClient - Application version is -1: true
[INFO ] 2018-09-08 10:30:19 [main] c.netflix.discovery.DiscoveryClient - Getting all instance registry info from the eureka server
[INFO ] 2018-09-08 10:30:19 [main] c.netflix.discovery.DiscoveryClient - Starting heartbeat executor: renew interval is: 30
[INFO ] 2018-09-08 10:30:19 [main] c.n.discovery.InstanceInfoReplicator - InstanceInfoReplicator onDemand update allowed rate per min is 4
[INFO ] 2018-09-08 10:30:19 [main] c.netflix.discovery.DiscoveryClient - Discovery Client initialized at timestamp 1536373827942 with initial instances count: 0
[INFO ] 2018-09-08 10:30:19 [main] c.n.e.DefaultEurekaServerContext - Initializing ...
[INFO ] 2018-09-08 10:30:19 [main] c.n.e.r.AbstractInstanceRegistry - Finished initializing remote region registries. All known remote regions: []
[INFO ] 2018-09-08 10:30:19 [main] c.n.e.DefaultEurekaServerContext - Initialized
[INFO ] 2018-09-08 10:30:19 [main] o.s.j.e.a.AnnotationMBeanExporter - Registering beans for JMX exposure on startup
[INFO ] 2018-09-08 10:30:19 [main] o.s.j.e.a.AnnotationMBeanExporter - Bean with name 'configurationPropertiesRebinder' has been autodetected for JMX exposure
[INFO ] 2018-09-08 10:30:19 [main] o.s.j.e.a.AnnotationMBeanExporter - Bean with name 'refreshEndpoint' has been autodetected for JMX exposure
[INFO ] 2018-09-08 10:30:19 [main] o.s.j.e.a.AnnotationMBeanExporter - Bean with name 'environmentManager' has been autodetected for JMX exposure
[INFO ] 2018-09-08 10:30:19 [main] o.s.j.e.a.AnnotationMBeanExporter - Bean with name 'serviceRegistryEndpoint' has been autodetected for JMX exposure
[INFO ] 2018-09-08 10:30:19 [main] o.s.j.e.a.AnnotationMBeanExporter - Bean with name 'refreshScope' has been autodetected for JMX exposure
[INFO ] 2018-09-08 10:30:19 [main] o.s.j.e.a.AnnotationMBeanExporter - Located managed bean 'environmentManager': registering with JMX server as MBean [org.springframework.cloud.context.environment:name=environmentManager,type=EnvironmentManager]
[INFO ] 2018-09-08 10:30:19 [main] o.s.j.e.a.AnnotationMBeanExporter - Located managed bean 'serviceRegistryEndpoint': registering with JMX server as MBean [org.springframework.cloud.client.serviceregistry.endpoint:name=serviceRegistryEndpoint,type=ServiceRegistryEndpoint]
[INFO ] 2018-09-08 10:30:19 [main] o.s.j.e.a.AnnotationMBeanExporter - Located managed bean 'refreshScope': registering with JMX server as MBean [org.springframework.cloud.context.scope.refresh:name=refreshScope,type=RefreshScope]
[INFO ] 2018-09-08 10:30:19 [main] o.s.j.e.a.AnnotationMBeanExporter - Located managed bean 'configurationPropertiesRebinder': registering with JMX server as MBean [org.springframework.cloud.context.properties:name=configurationPropertiesRebinder,context=2b0b4d53,type=ConfigurationPropertiesRebinder]
[INFO ] 2018-09-08 10:30:19 [main] o.s.j.e.a.AnnotationMBeanExporter - Located managed bean 'refreshEndpoint': registering with JMX server as MBean [org.springframework.cloud.endpoint:name=refreshEndpoint,type=RefreshEndpoint]
[INFO ] 2018-09-08 10:30:19 [main] o.s.b.a.e.jmx.EndpointMBeanExporter - Registering beans for JMX exposure on startup
[INFO ] 2018-09-08 10:30:19 [main] o.s.c.s.DefaultLifecycleProcessor - Starting beans in phase 0
[INFO ] 2018-09-08 10:30:19 [main] o.s.c.n.e.s.EurekaServiceRegistry - Registering application register-server with eureka with status UP
[INFO ] 2018-09-08 10:30:19 [main] c.netflix.discovery.DiscoveryClient - Saw local status change event StatusChangeEvent [timestamp=1536373828372, current=UP, previous=STARTING]
[INFO ] 2018-09-08 10:30:19 [DiscoveryClient-InstanceInfoReplicator-0] c.netflix.discovery.DiscoveryClient - DiscoveryClient_REGISTER-SERVER/10.1.41.112:10008: registering service...
[INFO ] 2018-09-08 10:30:19 [main] o.s.b.a.e.jmx.EndpointMBeanExporter - Located managed bean 'auditEventsEndpoint': registering with JMX server as MBean [org.springframework.boot:type=Endpoint,name=auditEventsEndpoint]
[INFO ] 2018-09-08 10:30:19 [main] o.s.b.a.e.jmx.EndpointMBeanExporter - Located managed bean 'archaiusEndpoint': registering with JMX server as MBean [org.springframework.boot:type=Endpoint,name=archaiusEndpoint]
[INFO ] 2018-09-08 10:30:19 [main] o.s.b.a.e.jmx.EndpointMBeanExporter - Located managed bean 'featuresEndpoint': registering with JMX server as MBean [org.springframework.boot:type=Endpoint,name=featuresEndpoint]
[INFO ] 2018-09-08 10:30:19 [main] o.s.b.a.e.jmx.EndpointMBeanExporter - Located managed bean 'requestMappingEndpoint': registering with JMX server as MBean [org.springframework.boot:type=Endpoint,name=requestMappingEndpoint]
[INFO ] 2018-09-08 10:30:19 [main] o.s.b.a.e.jmx.EndpointMBeanExporter - Located managed bean 'environmentEndpoint': registering with JMX server as MBean [org.springframework.boot:type=Endpoint,name=environmentEndpoint]
[INFO ] 2018-09-08 10:30:19 [main] o.s.b.a.e.jmx.EndpointMBeanExporter - Located managed bean 'healthEndpoint': registering with JMX server as MBean [org.springframework.boot:type=Endpoint,name=healthEndpoint]
[INFO ] 2018-09-08 10:30:19 [main] o.s.b.a.e.jmx.EndpointMBeanExporter - Located managed bean 'beansEndpoint': registering with JMX server as MBean [org.springframework.boot:type=Endpoint,name=beansEndpoint]
[INFO ] 2018-09-08 10:30:19 [main] o.s.b.a.e.jmx.EndpointMBeanExporter - Located managed bean 'infoEndpoint': registering with JMX server as MBean [org.springframework.boot:type=Endpoint,name=infoEndpoint]
[INFO ] 2018-09-08 10:30:19 [main] o.s.b.a.e.jmx.EndpointMBeanExporter - Located managed bean 'loggersEndpoint': registering with JMX server as MBean [org.springframework.boot:type=Endpoint,name=loggersEndpoint]
[INFO ] 2018-09-08 10:30:19 [main] o.s.b.a.e.jmx.EndpointMBeanExporter - Located managed bean 'metricsEndpoint': registering with JMX server as MBean [org.springframework.boot:type=Endpoint,name=metricsEndpoint]
[INFO ] 2018-09-08 10:30:19 [main] o.s.b.a.e.jmx.EndpointMBeanExporter - Located managed bean 'traceEndpoint': registering with JMX server as MBean [org.springframework.boot:type=Endpoint,name=traceEndpoint]
[INFO ] 2018-09-08 10:30:19 [main] o.s.b.a.e.jmx.EndpointMBeanExporter - Located managed bean 'dumpEndpoint': registering with JMX server as MBean [org.springframework.boot:type=Endpoint,name=dumpEndpoint]
[INFO ] 2018-09-08 10:30:19 [main] o.s.b.a.e.jmx.EndpointMBeanExporter - Located managed bean 'autoConfigurationReportEndpoint': registering with JMX server as MBean [org.springframework.boot:type=Endpoint,name=autoConfigurationReportEndpoint]
[INFO ] 2018-09-08 10:30:19 [main] o.s.b.a.e.jmx.EndpointMBeanExporter - Located managed bean 'configurationPropertiesReportEndpoint': registering with JMX server as MBean [org.springframework.boot:type=Endpoint,name=configurationPropertiesReportEndpoint]
[INFO ] 2018-09-08 10:30:19 [Thread-32] o.s.c.n.e.s.EurekaServerBootstrap - Setting the eureka configuration..
[INFO ] 2018-09-08 10:30:19 [Thread-32] o.s.c.n.e.s.EurekaServerBootstrap - Eureka data center value eureka.datacenter is not set, defaulting to default
[INFO ] 2018-09-08 10:30:19 [Thread-32] o.s.c.n.e.s.EurekaServerBootstrap - Eureka environment value eureka.environment is not set, defaulting to test
[INFO ] 2018-09-08 10:30:19 [Thread-32] o.s.c.n.e.s.EurekaServerBootstrap - isAws returned false
[INFO ] 2018-09-08 10:30:19 [Thread-32] o.s.c.n.e.s.EurekaServerBootstrap - Initialized server context
[INFO ] 2018-09-08 10:30:19 [main] o.s.b.c.e.t.TomcatEmbeddedServletContainer - Tomcat started on port(s): 10008 (http)
[INFO ] 2018-09-08 10:30:19 [main] o.s.c.n.e.s.EurekaAutoServiceRegistration - Updating port to 10008
[INFO ] 2018-09-08 10:30:19 [main] c.e.e.r.center.RegisterApplication - Started RegisterApplication in 10.912 seconds (JVM running for 13.64)
[INFO ] 2018-09-08 10:30:19 [DiscoveryClient-CacheRefreshExecutor-0] c.netflix.discovery.DiscoveryClient - Disable delta property : false
[INFO ] 2018-09-08 10:30:19 [DiscoveryClient-CacheRefreshExecutor-0] c.netflix.discovery.DiscoveryClient - Single vip registry refresh property : null
[INFO ] 2018-09-08 10:30:19 [DiscoveryClient-CacheRefreshExecutor-0] c.netflix.discovery.DiscoveryClient - Force full registry fetch : false
[INFO ] 2018-09-08 10:30:19 [DiscoveryClient-CacheRefreshExecutor-0] c.netflix.discovery.DiscoveryClient - Application is null : false
[INFO ] 2018-09-08 10:30:19 [DiscoveryClient-CacheRefreshExecutor-0] c.netflix.discovery.DiscoveryClient - Registered Applications size is zero : true
[INFO ] 2018-09-08 10:30:19 [DiscoveryClient-CacheRefreshExecutor-0] c.netflix.discovery.DiscoveryClient - Application version is -1: true
[INFO ] 2018-09-08 10:30:19 [DiscoveryClient-CacheRefreshExecutor-0] c.netflix.discovery.DiscoveryClient - Getting all instance registry info from the eureka server
[INFO ] 2018-09-08 10:30:40 [main] c.e.s.b.f.main.ServerBaseApplication - No active profile set, falling back to default profiles: default
[INFO ] 2018-09-08 10:30:40 [main] o.s.b.c.e.AnnotationConfigEmbeddedWebApplicationContext - Refreshing org.springframework.boot.context.embedded.AnnotationConfigEmbeddedWebApplicationContext@4b1abd11: startup date [Sat Sep 08 10:30:40 CST 2018]; parent: org.springframework.context.annotation.AnnotationConfigApplicationContext@19835e64
[INFO ] 2018-09-08 10:30:40 [main] o.s.cloud.context.scope.GenericScope - BeanFactory id=75015abb-8325-3069-ba46-8cc323041488
[INFO ] 2018-09-08 10:30:40 [main] c.e.c.c.PropertyConfigurer$$EnhancerBySpringCGLIB$$a5ad2107 - 被激活的配置文件:classpath:com/ebase/ego/props/local/def.properties
[INFO ] 2018-09-08 10:30:40 [main] o.s.b.f.a.AutowiredAnnotationBeanPostProcessor - JSR-330 'javax.inject.Inject' annotation found and supported for autowiring
[INFO ] 2018-09-08 10:30:40 [main] o.s.c.s.PostProcessorRegistrationDelegate$BeanPostProcessorChecker - Bean 'druidDataSourceConfig' of type [com.ego.services.base.facade.main.DruidDataSourceConfig$$EnhancerBySpringCGLIB$$f23b0933] is not eligible for getting processed by all BeanPostProcessors (for example: not eligible for auto-proxying)
[INFO ] 2018-09-08 10:30:40 [main] o.s.c.s.PostProcessorRegistrationDelegate$BeanPostProcessorChecker - Bean 'org.springframework.transaction.annotation.ProxyTransactionManagementConfiguration' of type [org.springframework.transaction.annotation.ProxyTransactionManagementConfiguration$$EnhancerBySpringCGLIB$$d4aa98e1] is not eligible for getting processed by all BeanPostProcessors (for example: not eligible for auto-proxying)
[INFO ] 2018-09-08 10:30:40 [main] o.s.c.s.PostProcessorRegistrationDelegate$BeanPostProcessorChecker - Bean 'org.springframework.cloud.autoconfigure.ConfigurationPropertiesRebinderAutoConfiguration' of type [org.springframework.cloud.autoconfigure.ConfigurationPropertiesRebinderAutoConfiguration$$EnhancerBySpringCGLIB$$f0c49bde] is not eligible for getting processed by all BeanPostProcessors (for example: not eligible for auto-proxying)
[INFO ] 2018-09-08 10:30:40 [main] o.s.b.c.e.t.TomcatEmbeddedServletContainer - Tomcat initialized with port(s): 2220 (http)
[INFO ] 2018-09-08 10:30:40 [main] o.a.catalina.core.StandardService - Starting service [Tomcat]
[INFO ] 2018-09-08 10:30:40 [main] o.a.catalina.core.StandardEngine - Starting Servlet Engine: Apache Tomcat/8.5.16
[INFO ] 2018-09-08 10:30:40 [localhost-startStop-1] o.a.c.c.C.[Tomcat].[localhost].[/] - Initializing Spring embedded WebApplicationContext
[INFO ] 2018-09-08 10:30:40 [localhost-startStop-1] o.s.web.context.ContextLoader - Root WebApplicationContext: initialization completed in 2088 ms
[INFO ] 2018-09-08 10:30:40 [localhost-startStop-1] o.s.b.w.s.ServletRegistrationBean - Mapping servlet: 'dispatcherServlet' to [/]
[INFO ] 2018-09-08 10:30:40 [localhost-startStop-1] o.s.b.w.s.FilterRegistrationBean - Mapping filter: 'characterEncodingFilter' to: [/*]
[INFO ] 2018-09-08 10:30:40 [localhost-startStop-1] o.s.b.w.s.FilterRegistrationBean - Mapping filter: 'hiddenHttpMethodFilter' to: [/*]
[INFO ] 2018-09-08 10:30:40 [localhost-startStop-1] o.s.b.w.s.FilterRegistrationBean - Mapping filter: 'httpPutFormContentFilter' to: [/*]
[INFO ] 2018-09-08 10:30:40 [localhost-startStop-1] o.s.b.w.s.FilterRegistrationBean - Mapping filter: 'requestContextFilter' to: [/*]
[INFO ] 2018-09-08 10:30:40 [main] c.n.c.sources.URLConfigurationSource - To enable URLs as dynamic configuration sources, define System property archaius.configurationSource.additionalUrls or make config.properties available on classpath.
[INFO ] 2018-09-08 10:30:40 [main] c.n.c.sources.URLConfigurationSource - To enable URLs as dynamic configuration sources, define System property archaius.configurationSource.additionalUrls or make config.properties available on classpath.
[INFO ] 2018-09-08 10:30:40 [main] o.s.w.s.m.m.a.RequestMappingHandlerAdapter - Looking for @ControllerAdvice: org.springframework.boot.context.embedded.AnnotationConfigEmbeddedWebApplicationContext@4b1abd11: startup date [Sat Sep 08 10:30:40 CST 2018]; parent: org.springframework.context.annotation.AnnotationConfigApplicationContext@19835e64
[INFO ] 2018-09-08 10:30:40 [main] o.s.w.s.m.m.a.RequestMappingHandlerMapping - Mapped "{[/addAcctOperPrivRela]}" onto public com.ebase.core.service.ServiceResponse<java.lang.Integer> com.ego.services.base.facade.controller.Jurisdiction.AcctOperPrivRelaController.addAcctOperPrivRela(com.ego.services.base.api.vo.Jurisdiction.AcctOperPrivRelaVO)
[INFO ] 2018-09-08 10:30:40 [main] o.s.w.s.m.m.a.RequestMappingHandlerMapping - Mapped "{[/delAcctOperPrivRela]}" onto public com.ebase.core.service.ServiceResponse<java.lang.Integer> com.ego.services.base.facade.controller.Jurisdiction.AcctOperPrivRelaController.delAcctOperPrivRela(com.ego.services.base.api.vo.Jurisdiction.AcctOperPrivRelaVO)
[INFO ] 2018-09-08 10:30:40 [main] o.s.w.s.m.m.a.RequestMappingHandlerMapping - Mapped "{[/addAcctRoleGroupRole]}" onto public com.ebase.core.service.ServiceResponse<java.lang.Integer> com.ego.services.base.facade.controller.Jurisdiction.AcctRoleGroupRoleController.addAcctRoleGroupRole(com.ego.services.base.api.vo.Jurisdiction.AcctRoleGroupRoleVO)
[INFO ] 2018-09-08 10:30:40 [main] o.s.w.s.m.m.a.RequestMappingHandlerMapping - Mapped "{[/delAcctRoleGroupRole]}" onto public com.ebase.core.service.ServiceResponse<java.lang.Integer> com.ego.services.base.facade.controller.Jurisdiction.AcctRoleGroupRoleController.delAcctRoleGroupRole(com.ego.services.base.api.vo.Jurisdiction.AcctRoleGroupRoleVO)
[INFO ] 2018-09-08 10:30:40 [main] o.s.w.s.m.m.a.RequestMappingHandlerMapping - Mapped "{[/verificationDeleteFunction]}" onto public com.ebase.core.service.ServiceResponse<java.lang.String> com.ego.services.base.facade.controller.Jurisdiction.FunctionManageController.verificationDeleteFunction(com.ego.services.base.api.vo.Jurisdiction.FunctionManageVO)
[INFO ] 2018-09-08 10:30:40 [main] o.s.w.s.m.m.a.RequestMappingHandlerMapping - Mapped "{[/functionManageList]}" onto public com.ebase.core.service.ServiceResponse<java.util.List<com.ego.services.base.api.vo.Jurisdiction.FunctionManageVO>> com.ego.services.base.facade.controller.Jurisdiction.FunctionManageController.functionManageList(com.ego.services.base.api.vo.Jurisdiction.FunctionManageVO)
[INFO ] 2018-09-08 10:30:40 [main] o.s.w.s.m.m.a.RequestMappingHandlerMapping - Mapped "{[/functionManageRoleList]}" onto public com.ebase.core.service.ServiceResponse<java.util.List<com.ego.services.base.api.vo.Jurisdiction.FunctionManageVO>> com.ego.services.base.facade.controller.Jurisdiction.FunctionManageController.functionManageRoleList(com.ego.services.base.api.vo.Jurisdiction.FunctionManageVO)
[INFO ] 2018-09-08 10:30:40 [main] o.s.w.s.m.m.a.RequestMappingHandlerMapping - Mapped "{[/updateFunctionManageStatus]}" onto public com.ebase.core.service.ServiceResponse<java.lang.Integer> com.ego.services.base.facade.controller.Jurisdiction.FunctionManageController.updateFunctionManageStatus(java.util.List<com.ego.services.base.api.vo.Jurisdiction.FunctionManageVO>)
[INFO ] 2018-09-08 10:30:40 [main] o.s.w.s.m.m.a.RequestMappingHandlerMapping - Mapped "{[/keepFunctionManage]}" onto public com.ebase.core.service.ServiceResponse<com.ego.services.base.api.vo.Jurisdiction.FunctionManageVO> com.ego.services.base.facade.controller.Jurisdiction.FunctionManageController.keepFunctionManage(com.ego.services.base.api.vo.Jurisdiction.FunctionManageVO)
[INFO ] 2018-09-08 10:30:40 [main] o.s.w.s.m.m.a.RequestMappingHandlerMapping - Mapped "{[/getListTreeOrgInfo]}" onto public com.ebase.core.service.ServiceResponse<java.util.List<com.ego.services.base.api.vo.Jurisdiction.OrgInfoVO>> com.ego.services.base.facade.controller.Jurisdiction.OrgInfoController.getListTreeOrgInfo(com.ego.services.base.api.vo.Jurisdiction.OrgInfoVO)
[INFO ] 2018-09-08 10:30:40 [main] o.s.w.s.m.m.a.RequestMappingHandlerMapping - Mapped "{[/getChildTreeOrgInfo]}" onto public com.ebase.core.service.ServiceResponse<com.ego.services.base.api.vo.Jurisdiction.OrgInfoVO> com.ego.services.base.facade.controller.Jurisdiction.OrgInfoController.getChildTreeOrgInfo(com.ebase.core.web.json.JsonRequest<com.ego.services.base.facade.model.Jurisdiction.OrgInfo>)
[INFO ] 2018-09-08 10:30:40 [main] o.s.w.s.m.m.a.RequestMappingHandlerMapping - Mapped "{[/getMaterielOrginfo]}" onto public com.ebase.core.service.ServiceResponse<java.util.List<com.ego.services.base.api.vo.Jurisdiction.OrgInfoVO>> com.ego.services.base.facade.controller.Jurisdiction.OrgInfoController.getMaterielOrginfo(com.ego.services.base.api.vo.Jurisdiction.AcctInfoVO)
[INFO ] 2018-09-08 10:30:40 [main] o.s.w.s.m.m.a.RequestMappingHandlerMapping - Mapped "{[/addOrgInfo]}" onto public com.ebase.core.service.ServiceResponse<java.lang.String> com.ego.services.base.facade.controller.Jurisdiction.OrgInfoController.addOrgInfo(com.ego.services.base.api.vo.Jurisdiction.OrgInfoVO)
[INFO ] 2018-09-08 10:30:40 [main] o.s.w.s.m.m.a.RequestMappingHandlerMapping - Mapped "{[/getParityOrgName]}" onto public com.ebase.core.service.ServiceResponse<java.lang.Boolean> com.ego.services.base.facade.controller.Jurisdiction.OrgInfoController.getParityOrgName(com.ego.services.base.api.vo.Jurisdiction.OrgInfoVO)
[INFO ] 2018-09-08 10:30:40 [main] o.s.w.s.m.m.a.RequestMappingHandlerMapping - Mapped "{[/removeOrgInfo]}" onto public com.ebase.core.service.ServiceResponse<java.lang.Integer> com.ego.services.base.facade.controller.Jurisdiction.OrgInfoController.removeOrgInfo(com.ego.services.base.api.vo.Jurisdiction.OrgInfoVO)
[INFO ] 2018-09-08 10:30:40 [main] o.s.w.s.m.m.a.RequestMappingHandlerMapping - Mapped "{[/saveOrgInfo]}" onto public com.ebase.core.service.ServiceResponse<java.lang.Integer> com.ego.services.base.facade.controller.Jurisdiction.OrgInfoController.saveOrgInfo(com.ego.services.base.api.vo.Jurisdiction.OrgInfoVO)
[INFO ] 2018-09-08 10:30:40 [main] o.s.w.s.m.m.a.RequestMappingHandlerMapping - Mapped "{[/getOrgInfo]}" onto public com.ebase.core.service.ServiceResponse<com.ego.services.base.api.vo.Jurisdiction.OrgInfoVO> com.ego.services.base.facade.controller.Jurisdiction.OrgInfoController.getOrgInfo(com.ego.services.base.api.vo.Jurisdiction.OrgInfoVO)
[INFO ] 2018-09-08 10:30:40 [main] o.s.w.s.m.m.a.RequestMappingHandlerMapping - Mapped "{[/getListOrgInfo]}" onto public com.ebase.core.web.json.JsonResponse<com.ebase.core.page.PageDTO<com.ego.services.base.api.vo.Jurisdiction.OrgInfoVO>> com.ego.services.base.facade.controller.Jurisdiction.OrgInfoController.getListOrgInfo(com.ego.services.base.api.vo.Jurisdiction.OrgInfoVO)
[INFO ] 2018-09-08 10:30:40 [main] o.s.w.s.m.m.a.RequestMappingHandlerMapping - Mapped "{[/verificationDeleteRoleGroup]}" onto public com.ebase.core.service.ServiceResponse<java.lang.String> com.ego.services.base.facade.controller.Jurisdiction.RoleGroupController.verificationDeleteRoleGroup(com.ego.services.base.api.vo.Jurisdiction.RoleGroupVO)
[INFO ] 2018-09-08 10:30:40 [main] o.s.w.s.m.m.a.RequestMappingHandlerMapping - Mapped "{[/roleGroupAll]}" onto public com.ebase.core.service.ServiceResponse<java.util.List<com.ego.services.base.api.vo.Jurisdiction.RoleGroupVO>> com.ego.services.base.facade.controller.Jurisdiction.RoleGroupController.roleGroupAll(com.ego.services.base.api.vo.Jurisdiction.RoleGroupVO)
[INFO ] 2018-09-08 10:30:40 [main] o.s.w.s.m.m.a.RequestMappingHandlerMapping - Mapped "{[/keepRoleGroup]}" onto public com.ebase.core.service.ServiceResponse<com.ego.services.base.api.vo.Jurisdiction.RoleGroupVO> com.ego.services.base.facade.controller.Jurisdiction.RoleGroupController.keepRoleGroup(com.ego.services.base.api.vo.Jurisdiction.RoleGroupVO)
[INFO ] 2018-09-08 10:30:40 [main] o.s.w.s.m.m.a.RequestMappingHandlerMapping - Mapped "{[/roleGroupList]}" onto public com.ebase.core.service.ServiceResponse<com.ebase.core.page.PageDTO<com.ego.services.base.api.vo.Jurisdiction.RoleGroupVO>> com.ego.services.base.facade.controller.Jurisdiction.RoleGroupController.roleGroupList(com.ego.services.base.api.vo.Jurisdiction.RoleGroupVO)
[INFO ] 2018-09-08 10:30:40 [main] o.s.w.s.m.m.a.RequestMappingHandlerMapping - Mapped "{[/verificationDeleteRoelInfo]}" onto public com.ebase.core.service.ServiceResponse<java.lang.String> com.ego.services.base.facade.controller.Jurisdiction.RoleInfoController.verificationDeleteRoelInfo(com.ego.services.base.api.vo.Jurisdiction.RoleInfoVO)
[INFO ] 2018-09-08 10:30:40 [main] o.s.w.s.m.m.a.RequestMappingHandlerMapping - Mapped "{[/roleInfoAllLike]}" onto public com.ebase.core.service.ServiceResponse<java.util.List<com.ego.services.base.api.vo.Jurisdiction.RoleInfoVO>> com.ego.services.base.facade.controller.Jurisdiction.RoleInfoController.roleInfoAllLike(com.ego.services.base.api.vo.Jurisdiction.RoleInfoVO)
[INFO ] 2018-09-08 10:30:40 [main] o.s.w.s.m.m.a.RequestMappingHandlerMapping - Mapped "{[/roleInfoAll]}" onto public com.ebase.core.service.ServiceResponse<java.util.List<com.ego.services.base.api.vo.Jurisdiction.RoleInfoVO>> com.ego.services.base.facade.controller.Jurisdiction.RoleInfoController.roleInfoAll(com.ego.services.base.api.vo.Jurisdiction.RoleInfoVO)
[INFO ] 2018-09-08 10:30:40 [main] o.s.w.s.m.m.a.RequestMappingHandlerMapping - Mapped "{[/roleRoleAcctInfo]}" onto public com.ebase.core.service.ServiceResponse<java.util.Map> com.ego.services.base.facade.controller.Jurisdiction.RoleInfoController.roleRoleAcctInfo(com.ego.services.base.api.vo.Jurisdiction.RoleInfoVO)
[INFO ] 2018-09-08 10:30:40 [main] o.s.w.s.m.m.a.RequestMappingHandlerMapping - Mapped "{[/roleInfoList]}" onto public com.ebase.core.service.ServiceResponse<com.ebase.core.page.PageDTO<com.ego.services.base.api.vo.Jurisdiction.RoleInfoVO>> com.ego.services.base.facade.controller.Jurisdiction.RoleInfoController.roleInfoList(com.ego.services.base.api.vo.Jurisdiction.RoleInfoVO)
[INFO ] 2018-09-08 10:30:40 [main] o.s.w.s.m.m.a.RequestMappingHandlerMapping - Mapped "{[/roleInfoTree]}" onto public com.ebase.core.service.ServiceResponse<java.util.Map> com.ego.services.base.facade.controller.Jurisdiction.RoleInfoController.roleInfoTree(com.ego.services.base.api.vo.Jurisdiction.RoleInfoVO)
[INFO ] 2018-09-08 10:30:40 [main] o.s.w.s.m.m.a.RequestMappingHandlerMapping - Mapped "{[/keepRoleInfo]}" onto public com.ebase.core.service.ServiceResponse<com.ego.services.base.api.vo.Jurisdiction.RoleInfoVO> com.ego.services.base.facade.controller.Jurisdiction.RoleInfoController.keepRoleInfo(com.ego.services.base.api.vo.Jurisdiction.RoleInfoVO)
[INFO ] 2018-09-08 10:30:40 [main] o.s.w.s.m.m.a.RequestMappingHandlerMapping - Mapped "{[/selectRoleIdAcctInfo]}" onto public com.ebase.core.service.ServiceResponse<java.util.List<com.ego.services.base.api.vo.Jurisdiction.AcctInfoVO>> com.ego.services.base.facade.controller.Jurisdiction.SysBasicsAcctController.selectRoleIdAcctInfo(com.ego.services.base.api.vo.Jurisdiction.AcctInfoVO)
[INFO ] 2018-09-08 10:30:40 [main] o.s.w.s.m.m.a.RequestMappingHandlerMapping - Mapped "{[/sysAcctListExcel]}" onto public com.ebase.core.web.json.JsonResponse com.ego.services.base.facade.controller.Jurisdiction.SysBasicsAcctController.excelListSysParam(com.ego.services.base.api.vo.Jurisdiction.AcctInfoVO)
[INFO ] 2018-09-08 10:30:40 [main] o.s.w.s.m.m.a.RequestMappingHandlerMapping - Mapped "{[/sysAcctToRoleInfoDelete]}" onto public com.ebase.core.web.json.JsonResponse com.ego.services.base.facade.controller.Jurisdiction.SysBasicsAcctController.deleteSysAcct2Role2(com.ebase.core.web.json.JsonRequest<com.ego.services.base.api.vo.Jurisdiction.AcctRoleRealVO>)
[INFO ] 2018-09-08 10:30:40 [main] o.s.w.s.m.m.a.RequestMappingHandlerMapping - Mapped "{[/sysAcctToRoleInfoDelete1]}" onto public com.ebase.core.web.json.JsonResponse com.ego.services.base.facade.controller.Jurisdiction.SysBasicsAcctController.deleteSysAcct2Role(com.ebase.core.web.json.JsonRequest<com.ego.services.base.api.vo.Jurisdiction.AcctInfoVO>)
[INFO ] 2018-09-08 10:30:40 [main] o.s.w.s.m.m.a.RequestMappingHandlerMapping - Mapped "{[/sysAcctDiscontinuation]}" onto public com.ebase.core.web.json.JsonResponse com.ego.services.base.facade.controller.Jurisdiction.SysBasicsAcctController.sysAcctDiscontinuation(com.ebase.core.web.json.JsonRequest<com.ego.services.base.api.vo.Jurisdiction.AcctInfoVO>)
[INFO ] 2018-09-08 10:30:40 [main] o.s.w.s.m.m.a.RequestMappingHandlerMapping - Mapped "{[/sysAcctDeleteById]}" onto public com.ebase.core.web.json.JsonResponse com.ego.services.base.facade.controller.Jurisdiction.SysBasicsAcctController.sysAcctDeleteById(com.ebase.core.web.json.JsonRequest<com.ego.services.base.api.vo.Jurisdiction.AcctInfoVO>)
[INFO ] 2018-09-08 10:30:40 [main] o.s.w.s.m.m.a.RequestMappingHandlerMapping - Mapped "{[/LoginAcct]}" onto public com.ebase.core.web.json.JsonResponse<com.ego.services.base.api.vo.Jurisdiction.AcctInfoVO> com.ego.services.base.facade.controller.Jurisdiction.SysBasicsAcctController.LoginAcct(com.ebase.core.web.json.JsonRequest<com.ego.services.base.api.vo.Jurisdiction.AcctInfoVO>)
[INFO ] 2018-09-08 10:30:40 [main] o.s.w.s.m.m.a.RequestMappingHandlerMapping - Mapped "{[/getAcctInfo]}" onto public com.ebase.core.service.ServiceResponse<com.ego.services.base.api.vo.Jurisdiction.AcctInfoVO> com.ego.services.base.facade.controller.Jurisdiction.SysBasicsAcctController.getAcctInfo(com.ego.services.base.api.vo.Jurisdiction.AcctInfoVO)
[INFO ] 2018-09-08 10:30:40 [main] o.s.w.s.m.m.a.RequestMappingHandlerMapping - Mapped "{[/sysAcctList]}" onto public com.ebase.core.web.json.JsonResponse<com.ebase.core.page.PageDTO<com.ego.services.base.api.vo.Jurisdiction.AcctInfoVO>> com.ego.services.base.facade.controller.Jurisdiction.SysBasicsAcctController.listSysAcct(com.ebase.core.web.json.JsonRequest<com.ego.services.base.api.vo.Jurisdiction.AcctInfoVO>)
[INFO ] 2018-09-08 10:30:40 [main] o.s.w.s.m.m.a.RequestMappingHandlerMapping - Mapped "{[/sysAcctGet]}" onto public com.ebase.core.web.json.JsonResponse com.ego.services.base.facade.controller.Jurisdiction.SysBasicsAcctController.getSysAcct(com.ebase.core.web.json.JsonRequest<com.ego.services.base.api.vo.Jurisdiction.AcctInfoVO>)
[INFO ] 2018-09-08 10:30:40 [main] o.s.w.s.m.m.a.RequestMappingHandlerMapping - Mapped "{[/sysAcctKeep]}" onto public com.ebase.core.web.json.JsonResponse com.ego.services.base.facade.controller.Jurisdiction.SysBasicsAcctController.keepSysAcct(com.ebase.core.web.json.JsonRequest<java.util.List<com.ego.services.base.api.vo.Jurisdiction.AcctRoleRealVO>>)
[INFO ] 2018-09-08 10:30:40 [main] o.s.w.s.m.m.a.RequestMappingHandlerMapping - Mapped "{[/sysAcctAdd]}" onto public com.ebase.core.web.json.JsonResponse com.ego.services.base.facade.controller.Jurisdiction.SysBasicsAcctController.addSysAcct(com.ebase.core.web.json.JsonRequest<com.ego.services.base.api.vo.Jurisdiction.AcctInfoVO>)
[INFO ] 2018-09-08 10:30:40 [main] o.s.w.s.m.m.a.RequestMappingHandlerMapping - Mapped "{[/getSysAcctInfo]}" onto public com.ebase.core.web.json.JsonResponse com.ego.services.base.facade.controller.Jurisdiction.SysBasicsAcctController.getSysAcctInfo(com.ebase.core.web.json.JsonRequest<com.ego.services.base.api.vo.Jurisdiction.AcctInfoVO>)
[INFO ] 2018-09-08 10:30:40 [main] o.s.w.s.m.m.a.RequestMappingHandlerMapping - Mapped "{[/sysAcctToAcctRoleRealById],methods=[POST]}" onto public com.ebase.core.web.json.JsonResponse com.ego.services.base.facade.controller.Jurisdiction.SysBasicsAcctController.listSysAcct2Role(com.ebase.core.web.json.JsonRequest<com.ego.services.base.api.vo.Jurisdiction.AcctInfoVO>)
[INFO ] 2018-09-08 10:30:40 [main] o.s.w.s.m.m.a.RequestMappingHandlerMapping - Mapped "{[/sysAcctToRoleInfoAdd]}" onto public com.ebase.core.web.json.JsonResponse com.ego.services.base.facade.controller.Jurisdiction.SysBasicsAcctController.addSysAcct2Role(com.ebase.core.web.json.JsonRequest<com.ego.services.base.api.vo.Jurisdiction.AcctRoleRealVO>)
[INFO ] 2018-09-08 10:30:40 [main] o.s.w.s.m.m.a.RequestMappingHandlerMapping - Mapped "{[/sysAcctAddUser]}" onto public com.ebase.core.web.json.JsonResponse com.ego.services.base.facade.controller.Jurisdiction.SysBasicsAcctController.sysAcctAddUser(com.ebase.core.web.json.JsonRequest<com.ego.services.base.api.vo.Jurisdiction.AcctToRoleInfoVO>)
[INFO ] 2018-09-08 10:30:40 [main] o.s.w.s.m.m.a.RequestMappingHandlerMapping - Mapped "{[/error]}" onto public org.springframework.http.ResponseEntity<java.util.Map<java.lang.String, java.lang.Object>> org.springframework.boot.autoconfigure.web.BasicErrorController.error(javax.servlet.http.HttpServletRequest)
[INFO ] 2018-09-08 10:30:40 [main] o.s.w.s.m.m.a.RequestMappingHandlerMapping - Mapped "{[/error],produces=[text/html]}" onto public org.springframework.web.servlet.ModelAndView org.springframework.boot.autoconfigure.web.BasicErrorController.errorHtml(javax.servlet.http.HttpServletRequest,javax.servlet.http.HttpServletResponse)
[INFO ] 2018-09-08 10:30:40 [main] o.s.w.s.h.SimpleUrlHandlerMapping - Mapped URL path [/webjars/**] onto handler of type [class org.springframework.web.servlet.resource.ResourceHttpRequestHandler]
[INFO ] 2018-09-08 10:30:40 [main] o.s.w.s.h.SimpleUrlHandlerMapping - Mapped URL path [/**] onto handler of type [class org.springframework.web.servlet.resource.ResourceHttpRequestHandler]
[INFO ] 2018-09-08 10:30:40 [main] o.s.w.s.h.SimpleUrlHandlerMapping - Mapped URL path [/**/favicon.ico] onto handler of type [class org.springframework.web.servlet.resource.ResourceHttpRequestHandler]
[INFO ] 2018-09-08 10:30:19 [DiscoveryClient-CacheRefreshExecutor-0] c.netflix.discovery.DiscoveryClient - Disable delta property : false
[INFO ] 2018-09-08 10:30:19 [DiscoveryClient-CacheRefreshExecutor-0] c.netflix.discovery.DiscoveryClient - Single vip registry refresh property : null
[INFO ] 2018-09-08 10:30:19 [DiscoveryClient-CacheRefreshExecutor-0] c.netflix.discovery.DiscoveryClient - Force full registry fetch : false
[INFO ] 2018-09-08 10:30:19 [DiscoveryClient-CacheRefreshExecutor-0] c.netflix.discovery.DiscoveryClient - Application is null : false
[INFO ] 2018-09-08 10:30:19 [DiscoveryClient-CacheRefreshExecutor-0] c.netflix.discovery.DiscoveryClient - Registered Applications size is zero : true
[INFO ] 2018-09-08 10:30:19 [DiscoveryClient-CacheRefreshExecutor-0] c.netflix.discovery.DiscoveryClient - Application version is -1: true
[INFO ] 2018-09-08 10:30:19 [DiscoveryClient-CacheRefreshExecutor-0] c.netflix.discovery.DiscoveryClient - Getting all instance registry info from the eureka server
[INFO ] 2018-09-08 10:30:40 [main] o.s.j.e.a.AnnotationMBeanExporter - Registering beans for JMX exposure on startup
[INFO ] 2018-09-08 10:30:40 [main] o.s.j.e.a.AnnotationMBeanExporter - Bean with name 'dataSource' has been autodetected for JMX exposure
[INFO ] 2018-09-08 10:30:40 [main] o.s.j.e.a.AnnotationMBeanExporter - Bean with name 'configurationPropertiesRebinder' has been autodetected for JMX exposure
[INFO ] 2018-09-08 10:30:40 [main] o.s.j.e.a.AnnotationMBeanExporter - Bean with name 'environmentManager' has been autodetected for JMX exposure
[INFO ] 2018-09-08 10:30:40 [main] o.s.j.e.a.AnnotationMBeanExporter - Bean with name 'refreshScope' has been autodetected for JMX exposure
[INFO ] 2018-09-08 10:30:40 [main] o.s.j.e.a.AnnotationMBeanExporter - Located managed bean 'environmentManager': registering with JMX server as MBean [org.springframework.cloud.context.environment:name=environmentManager,type=EnvironmentManager]
[INFO ] 2018-09-08 10:30:40 [main] o.s.j.e.a.AnnotationMBeanExporter - Located managed bean 'refreshScope': registering with JMX server as MBean [org.springframework.cloud.context.scope.refresh:name=refreshScope,type=RefreshScope]
[INFO ] 2018-09-08 10:30:40 [main] o.s.j.e.a.AnnotationMBeanExporter - Located managed bean 'configurationPropertiesRebinder': registering with JMX server as MBean [org.springframework.cloud.context.properties:name=configurationPropertiesRebinder,context=4b1abd11,type=ConfigurationPropertiesRebinder]
[INFO ] 2018-09-08 10:30:40 [main] o.s.j.e.a.AnnotationMBeanExporter - Located MBean 'dataSource': registering with JMX server as MBean [com.alibaba.druid.pool:name=dataSource,type=DruidDataSource]
[INFO ] 2018-09-08 10:30:40 [main] o.s.c.s.DefaultLifecycleProcessor - Starting beans in phase 0
[INFO ] 2018-09-08 10:30:40 [main] o.s.c.n.eureka.InstanceInfoFactory - Setting initial instance status as: STARTING
[INFO ] 2018-09-08 10:30:40 [main] c.netflix.discovery.DiscoveryClient - Initializing Eureka in region us-east-1
[INFO ] 2018-09-08 10:30:40 [main] c.n.d.p.DiscoveryJerseyProvider - Using JSON encoding codec LegacyJacksonJson
[INFO ] 2018-09-08 10:30:40 [main] c.n.d.p.DiscoveryJerseyProvider - Using JSON decoding codec LegacyJacksonJson
[INFO ] 2018-09-08 10:30:40 [main] c.n.d.p.DiscoveryJerseyProvider - Using XML encoding codec XStreamXml
[INFO ] 2018-09-08 10:30:40 [main] c.n.d.p.DiscoveryJerseyProvider - Using XML decoding codec XStreamXml
[INFO ] 2018-09-08 10:30:40 [main] c.n.d.s.r.aws.ConfigClusterResolver - Resolving eureka endpoints via configuration
[INFO ] 2018-09-08 10:30:40 [main] c.netflix.discovery.DiscoveryClient - Disable delta property : false
[INFO ] 2018-09-08 10:30:40 [main] c.netflix.discovery.DiscoveryClient - Single vip registry refresh property : null
[INFO ] 2018-09-08 10:30:40 [main] c.netflix.discovery.DiscoveryClient - Force full registry fetch : false
[INFO ] 2018-09-08 10:30:40 [main] c.netflix.discovery.DiscoveryClient - Application is null : false
[INFO ] 2018-09-08 10:30:40 [main] c.netflix.discovery.DiscoveryClient - Registered Applications size is zero : true
[INFO ] 2018-09-08 10:30:40 [main] c.netflix.discovery.DiscoveryClient - Application version is -1: true
[INFO ] 2018-09-08 10:30:40 [main] c.netflix.discovery.DiscoveryClient - Getting all instance registry info from the eureka server
[INFO ] 2018-09-08 10:30:19 [http-nio-10008-exec-1] o.a.c.c.C.[Tomcat].[localhost].[/] - Initializing Spring FrameworkServlet 'dispatcherServlet'
[INFO ] 2018-09-08 10:30:19 [http-nio-10008-exec-1] o.s.web.servlet.DispatcherServlet - FrameworkServlet 'dispatcherServlet': initialization started
[INFO ] 2018-09-08 10:30:19 [http-nio-10008-exec-1] o.s.web.servlet.DispatcherServlet - FrameworkServlet 'dispatcherServlet': initialization completed in 31 ms
[INFO ] 2018-09-08 10:30:40 [main] c.netflix.discovery.DiscoveryClient - The response status is 200
[INFO ] 2018-09-08 10:30:40 [main] c.netflix.discovery.DiscoveryClient - Starting heartbeat executor: renew interval is: 30
[INFO ] 2018-09-08 10:30:40 [main] c.n.discovery.InstanceInfoReplicator - InstanceInfoReplicator onDemand update allowed rate per min is 4
[INFO ] 2018-09-08 10:30:40 [main] c.netflix.discovery.DiscoveryClient - Discovery Client initialized at timestamp 1536373851631 with initial instances count: 0
[INFO ] 2018-09-08 10:30:40 [main] o.s.c.n.e.s.EurekaServiceRegistry - Registering application base-ser with eureka with status UP
[INFO ] 2018-09-08 10:30:40 [main] c.netflix.discovery.DiscoveryClient - Saw local status change event StatusChangeEvent [timestamp=1536373851711, current=UP, previous=STARTING]
[INFO ] 2018-09-08 10:30:40 [DiscoveryClient-InstanceInfoReplicator-0] c.netflix.discovery.DiscoveryClient - DiscoveryClient_BASE-SER/10.1.41.112:2220: registering service...
[INFO ] 2018-09-08 10:30:40 [main] o.a.coyote.http11.Http11NioProtocol - Initializing ProtocolHandler ["http-nio-2220"]
[INFO ] 2018-09-08 10:30:40 [main] o.a.coyote.http11.Http11NioProtocol - Starting ProtocolHandler ["http-nio-2220"]
[INFO ] 2018-09-08 10:30:19 [http-nio-10008-exec-3] c.n.e.r.AbstractInstanceRegistry - Registered instance BASE-SER/10.1.41.112:2220 with status UP (replication=false)
[INFO ] 2018-09-08 10:30:40 [DiscoveryClient-InstanceInfoReplicator-0] c.netflix.discovery.DiscoveryClient - DiscoveryClient_BASE-SER/10.1.41.112:2220 - registration status: 204
[INFO ] 2018-09-08 10:30:40 [main] o.a.tomcat.util.net.NioSelectorPool - Using a shared selector for servlet write/read
[INFO ] 2018-09-08 10:30:40 [main] o.s.b.c.e.t.TomcatEmbeddedServletContainer - Tomcat started on port(s): 2220 (http)
[INFO ] 2018-09-08 10:30:40 [main] o.s.c.n.e.s.EurekaAutoServiceRegistration - Updating port to 2220
[INFO ] 2018-09-08 10:30:40 [main] c.e.s.b.f.main.ServerBaseApplication - Started ServerBaseApplication in 13.293 seconds (JVM running for 14.494)
[INFO ] 2018-09-08 10:30:40 [main] c.e.s.b.f.main.ServerBaseApplication - service-base start success
[INFO ] 2018-09-08 10:30:19 [DiscoveryClient-InstanceInfoReplicator-0] c.netflix.discovery.DiscoveryClient - DiscoveryClient_REGISTER-SERVER/10.1.41.112:10008: registering service...
[INFO ] 2018-09-08 10:30:19 [DiscoveryClient-CacheRefreshExecutor-0] c.netflix.discovery.DiscoveryClient - Disable delta property : false
[INFO ] 2018-09-08 10:30:19 [DiscoveryClient-CacheRefreshExecutor-0] c.netflix.discovery.DiscoveryClient - Single vip registry refresh property : null
[INFO ] 2018-09-08 10:30:19 [DiscoveryClient-CacheRefreshExecutor-0] c.netflix.discovery.DiscoveryClient - Force full registry fetch : false
[INFO ] 2018-09-08 10:30:19 [DiscoveryClient-CacheRefreshExecutor-0] c.netflix.discovery.DiscoveryClient - Application is null : false
[INFO ] 2018-09-08 10:30:19 [DiscoveryClient-CacheRefreshExecutor-0] c.netflix.discovery.DiscoveryClient - Registered Applications size is zero : true
[INFO ] 2018-09-08 10:30:19 [DiscoveryClient-CacheRefreshExecutor-0] c.netflix.discovery.DiscoveryClient - Application version is -1: true
[INFO ] 2018-09-08 10:30:19 [DiscoveryClient-CacheRefreshExecutor-0] c.netflix.discovery.DiscoveryClient - Getting all instance registry info from the eureka server
[INFO ] 2018-09-08 10:30:40 [DiscoveryClient-CacheRefreshExecutor-0] c.netflix.discovery.DiscoveryClient - Disable delta property : false
[INFO ] 2018-09-08 10:30:40 [DiscoveryClient-CacheRefreshExecutor-0] c.netflix.discovery.DiscoveryClient - Single vip registry refresh property : null
[INFO ] 2018-09-08 10:30:40 [DiscoveryClient-CacheRefreshExecutor-0] c.netflix.discovery.DiscoveryClient - Force full registry fetch : false
[INFO ] 2018-09-08 10:30:40 [DiscoveryClient-CacheRefreshExecutor-0] c.netflix.discovery.DiscoveryClient - Application is null : false
[INFO ] 2018-09-08 10:30:40 [DiscoveryClient-CacheRefreshExecutor-0] c.netflix.discovery.DiscoveryClient - Registered Applications size is zero : true
[INFO ] 2018-09-08 10:30:40 [DiscoveryClient-CacheRefreshExecutor-0] c.netflix.discovery.DiscoveryClient - Application version is -1: false
[INFO ] 2018-09-08 10:30:40 [DiscoveryClient-CacheRefreshExecutor-0] c.netflix.discovery.DiscoveryClient - Getting all instance registry info from the eureka server
[INFO ] 2018-09-08 10:30:40 [DiscoveryClient-CacheRefreshExecutor-0] c.netflix.discovery.DiscoveryClient - The response status is 200
[INFO ] 2018-09-08 10:30:19 [DiscoveryClient-CacheRefreshExecutor-0] c.netflix.discovery.DiscoveryClient - Disable delta property : false
[INFO ] 2018-09-08 10:30:19 [DiscoveryClient-CacheRefreshExecutor-0] c.netflix.discovery.DiscoveryClient - Single vip registry refresh property : null
[INFO ] 2018-09-08 10:30:19 [DiscoveryClient-CacheRefreshExecutor-0] c.netflix.discovery.DiscoveryClient - Force full registry fetch : false
[INFO ] 2018-09-08 10:30:19 [DiscoveryClient-CacheRefreshExecutor-0] c.netflix.discovery.DiscoveryClient - Application is null : false
[INFO ] 2018-09-08 10:30:19 [DiscoveryClient-CacheRefreshExecutor-0] c.netflix.discovery.DiscoveryClient - Registered Applications size is zero : true
[INFO ] 2018-09-08 10:30:19 [DiscoveryClient-CacheRefreshExecutor-0] c.netflix.discovery.DiscoveryClient - Application version is -1: true
[INFO ] 2018-09-08 10:30:19 [DiscoveryClient-CacheRefreshExecutor-0] c.netflix.discovery.DiscoveryClient - Getting all instance registry info from the eureka server
[INFO ] 2018-09-08 10:30:19 [DiscoveryClient-CacheRefreshExecutor-0] c.netflix.discovery.DiscoveryClient - Disable delta property : false
[INFO ] 2018-09-08 10:30:19 [DiscoveryClient-CacheRefreshExecutor-0] c.netflix.discovery.DiscoveryClient - Single vip registry refresh property : null
[INFO ] 2018-09-08 10:30:19 [DiscoveryClient-CacheRefreshExecutor-0] c.netflix.discovery.DiscoveryClient - Force full registry fetch : false
[INFO ] 2018-09-08 10:30:19 [DiscoveryClient-CacheRefreshExecutor-0] c.netflix.discovery.DiscoveryClient - Application is null : false
[INFO ] 2018-09-08 10:30:19 [DiscoveryClient-CacheRefreshExecutor-0] c.netflix.discovery.DiscoveryClient - Registered Applications size is zero : true
[INFO ] 2018-09-08 10:30:19 [DiscoveryClient-CacheRefreshExecutor-0] c.netflix.discovery.DiscoveryClient - Application version is -1: true
[INFO ] 2018-09-08 10:30:19 [DiscoveryClient-CacheRefreshExecutor-0] c.netflix.discovery.DiscoveryClient - Getting all instance registry info from the eureka server
[INFO ] 2018-09-08 10:31:25 [main] c.e.e.w.op.main.WebappsApplication - No active profile set, falling back to default profiles: default
[INFO ] 2018-09-08 10:31:25 [main] o.s.b.c.e.AnnotationConfigEmbeddedWebApplicationContext - Refreshing org.springframework.boot.context.embedded.AnnotationConfigEmbeddedWebApplicationContext@1e6308a9: startup date [Sat Sep 08 10:31:25 CST 2018]; parent: org.springframework.context.annotation.AnnotationConfigApplicationContext@50d13246
[INFO ] 2018-09-08 10:31:25 [main] o.s.cloud.context.scope.GenericScope - BeanFactory id=6a2d3318-bea1-331f-ba6f-1d3368314951
[INFO ] 2018-09-08 10:31:25 [main] c.e.c.c.PropertyConfigurer$$EnhancerBySpringCGLIB$$288eb045 - 被激活的配置文件:classpath:com/ebase/ego/props/local/def.properties
[INFO ] 2018-09-08 10:31:25 [main] o.s.b.f.a.AutowiredAnnotationBeanPostProcessor - JSR-330 'javax.inject.Inject' annotation found and supported for autowiring
[INFO ] 2018-09-08 10:31:25 [main] o.s.c.s.PostProcessorRegistrationDelegate$BeanPostProcessorChecker - Bean 'com.ego.services.base.api.BaseApi' of type [org.springframework.cloud.netflix.feign.FeignClientFactoryBean] is not eligible for getting processed by all BeanPostProcessors (for example: not eligible for auto-proxying)
[INFO ] 2018-09-08 10:31:25 [main] o.s.c.s.PostProcessorRegistrationDelegate$BeanPostProcessorChecker - Bean 'com.ego.services.base.api.controller.Jurisdiction.AcctAPI' of type [org.springframework.cloud.netflix.feign.FeignClientFactoryBean] is not eligible for getting processed by all BeanPostProcessors (for example: not eligible for auto-proxying)
[INFO ] 2018-09-08 10:31:25 [main] o.s.c.s.PostProcessorRegistrationDelegate$BeanPostProcessorChecker - Bean 'com.ego.services.base.api.controller.Jurisdiction.AcctOperPrivRelaAPI' of type [org.springframework.cloud.netflix.feign.FeignClientFactoryBean] is not eligible for getting processed by all BeanPostProcessors (for example: not eligible for auto-proxying)
[INFO ] 2018-09-08 10:31:25 [main] o.s.c.s.PostProcessorRegistrationDelegate$BeanPostProcessorChecker - Bean 'com.ego.services.base.api.controller.Jurisdiction.AcctRoleGroupRoleAPI' of type [org.springframework.cloud.netflix.feign.FeignClientFactoryBean] is not eligible for getting processed by all BeanPostProcessors (for example: not eligible for auto-proxying)
[INFO ] 2018-09-08 10:31:25 [main] o.s.c.s.PostProcessorRegistrationDelegate$BeanPostProcessorChecker - Bean 'com.ego.services.base.api.controller.Jurisdiction.AcctRoleRealApl' of type [org.springframework.cloud.netflix.feign.FeignClientFactoryBean] is not eligible for getting processed by all BeanPostProcessors (for example: not eligible for auto-proxying)
[INFO ] 2018-09-08 10:31:25 [main] o.s.c.s.PostProcessorRegistrationDelegate$BeanPostProcessorChecker - Bean 'com.ego.services.base.api.controller.Jurisdiction.FunctionManageAPI' of type [org.springframework.cloud.netflix.feign.FeignClientFactoryBean] is not eligible for getting processed by all BeanPostProcessors (for example: not eligible for auto-proxying)
[INFO ] 2018-09-08 10:31:25 [main] o.s.c.s.PostProcessorRegistrationDelegate$BeanPostProcessorChecker - Bean 'com.ego.services.base.api.controller.Jurisdiction.OrgInfoServiceAPI' of type [org.springframework.cloud.netflix.feign.FeignClientFactoryBean] is not eligible for getting processed by all BeanPostProcessors (for example: not eligible for auto-proxying)
[INFO ] 2018-09-08 10:31:25 [main] o.s.c.s.PostProcessorRegistrationDelegate$BeanPostProcessorChecker - Bean 'com.ego.services.base.api.controller.Jurisdiction.RoleGroupAPI' of type [org.springframework.cloud.netflix.feign.FeignClientFactoryBean] is not eligible for getting processed by all BeanPostProcessors (for example: not eligible for auto-proxying)
[INFO ] 2018-09-08 10:31:25 [main] o.s.c.s.PostProcessorRegistrationDelegate$BeanPostProcessorChecker - Bean 'com.ego.services.base.api.controller.Jurisdiction.RoleInfoAPI' of type [org.springframework.cloud.netflix.feign.FeignClientFactoryBean] is not eligible for getting processed by all BeanPostProcessors (for example: not eligible for auto-proxying)
[INFO ] 2018-09-08 10:31:25 [main] o.s.c.s.PostProcessorRegistrationDelegate$BeanPostProcessorChecker - Bean 'com.ego.services.base.api.controller.Jurisdiction.SysAccInfoAPI' of type [org.springframework.cloud.netflix.feign.FeignClientFactoryBean] is not eligible for getting processed by all BeanPostProcessors (for example: not eligible for auto-proxying)
[INFO ] 2018-09-08 10:31:25 [main] o.s.c.s.PostProcessorRegistrationDelegate$BeanPostProcessorChecker - Bean 'org.springframework.cloud.autoconfigure.ConfigurationPropertiesRebinderAutoConfiguration' of type [org.springframework.cloud.autoconfigure.ConfigurationPropertiesRebinderAutoConfiguration$$EnhancerBySpringCGLIB$$73a62b1c] is not eligible for getting processed by all BeanPostProcessors (for example: not eligible for auto-proxying)
[INFO ] 2018-09-08 10:31:25 [main] o.s.b.c.e.t.TomcatEmbeddedServletContainer - Tomcat initialized with port(s): 10183 (http)
[INFO ] 2018-09-08 10:31:25 [main] o.a.catalina.core.StandardService - Starting service [Tomcat]
[INFO ] 2018-09-08 10:31:25 [main] o.a.catalina.core.StandardEngine - Starting Servlet Engine: Apache Tomcat/8.5.16
[INFO ] 2018-09-08 10:31:25 [localhost-startStop-1] o.a.c.c.C.[Tomcat].[localhost].[/] - Initializing Spring embedded WebApplicationContext
[INFO ] 2018-09-08 10:31:25 [localhost-startStop-1] o.s.web.context.ContextLoader - Root WebApplicationContext: initialization completed in 3901 ms
[INFO ] 2018-09-08 10:31:25 [localhost-startStop-1] o.s.b.w.s.ServletRegistrationBean - Mapping servlet: 'dispatcherServlet' to [/]
[INFO ] 2018-09-08 10:31:25 [localhost-startStop-1] o.s.b.w.s.FilterRegistrationBean - Mapping filter: 'characterEncodingFilter' to: [/*]
[INFO ] 2018-09-08 10:31:25 [localhost-startStop-1] o.s.b.w.s.FilterRegistrationBean - Mapping filter: 'hiddenHttpMethodFilter' to: [/*]
[INFO ] 2018-09-08 10:31:25 [localhost-startStop-1] o.s.b.w.s.FilterRegistrationBean - Mapping filter: 'httpPutFormContentFilter' to: [/*]
[INFO ] 2018-09-08 10:31:25 [localhost-startStop-1] o.s.b.w.s.FilterRegistrationBean - Mapping filter: 'requestContextFilter' to: [/*]
[INFO ] 2018-09-08 10:31:25 [main] o.s.c.a.AnnotationConfigApplicationContext - Refreshing org.springframework.context.annotation.AnnotationConfigApplicationContext@6cbb175: startup date [Sat Sep 08 10:31:30 CST 2018]; parent: org.springframework.boot.context.embedded.AnnotationConfigEmbeddedWebApplicationContext@1e6308a9
[INFO ] 2018-09-08 10:31:25 [main] o.s.b.f.a.AutowiredAnnotationBeanPostProcessor - JSR-330 'javax.inject.Inject' annotation found and supported for autowiring
[INFO ] 2018-09-08 10:30:19 [DiscoveryClient-InstanceInfoReplicator-0] c.netflix.discovery.DiscoveryClient - DiscoveryClient_REGISTER-SERVER/10.1.41.112:10008: registering service...
[INFO ] 2018-09-08 10:31:25 [main] c.n.c.sources.URLConfigurationSource - To enable URLs as dynamic configuration sources, define System property archaius.configurationSource.additionalUrls or make config.properties available on classpath.
[INFO ] 2018-09-08 10:31:25 [main] c.n.c.sources.URLConfigurationSource - To enable URLs as dynamic configuration sources, define System property archaius.configurationSource.additionalUrls or make config.properties available on classpath.
[INFO ] 2018-09-08 10:31:25 [main] o.s.w.s.m.m.a.RequestMappingHandlerAdapter - Looking for @ControllerAdvice: org.springframework.boot.context.embedded.AnnotationConfigEmbeddedWebApplicationContext@1e6308a9: startup date [Sat Sep 08 10:31:25 CST 2018]; parent: org.springframework.context.annotation.AnnotationConfigApplicationContext@50d13246
[INFO ] 2018-09-08 10:31:25 [main] o.s.w.s.m.m.a.RequestMappingHandlerMapping - Mapped "{[/acctOperPrivRela/addAcctOperPrivRela],methods=[POST]}" onto public com.ebase.core.web.json.JsonResponse<java.lang.Integer> com.ebase.ego.webapps.op.controller.Jurisdiction.AcctOperPrivRelaController.addAcctOperPrivRela(com.ebase.core.web.json.JsonRequest<com.ego.services.base.api.vo.Jurisdiction.AcctOperPrivRelaVO>)
[INFO ] 2018-09-08 10:31:25 [main] o.s.w.s.m.m.a.RequestMappingHandlerMapping - Mapped "{[/acctOperPrivRela/delAcctOperPrivRela],methods=[POST]}" onto public com.ebase.core.web.json.JsonResponse<java.lang.Integer> com.ebase.ego.webapps.op.controller.Jurisdiction.AcctOperPrivRelaController.delAcctOperPrivRela(com.ebase.core.web.json.JsonRequest<com.ego.services.base.api.vo.Jurisdiction.AcctOperPrivRelaVO>)
[INFO ] 2018-09-08 10:31:25 [main] o.s.w.s.m.m.a.RequestMappingHandlerMapping - Mapped "{[/acctRoleGroupRole/addAcctRoleGroupRole],methods=[POST]}" onto public com.ebase.core.web.json.JsonResponse<java.lang.Integer> com.ebase.ego.webapps.op.controller.Jurisdiction.AcctRoleGroupRoleController.addAcctRoleGroupRole(com.ebase.core.web.json.JsonRequest<com.ego.services.base.api.vo.Jurisdiction.AcctRoleGroupRoleVO>)
[INFO ] 2018-09-08 10:31:25 [main] o.s.w.s.m.m.a.RequestMappingHandlerMapping - Mapped "{[/acctRoleGroupRole/delAcctRoleGroupRole],methods=[POST]}" onto public com.ebase.core.web.json.JsonResponse<java.lang.Integer> com.ebase.ego.webapps.op.controller.Jurisdiction.AcctRoleGroupRoleController.delAcctRoleGroupRole(com.ebase.core.web.json.JsonRequest<com.ego.services.base.api.vo.Jurisdiction.AcctRoleGroupRoleVO>)
[INFO ] 2018-09-08 10:31:25 [main] o.s.w.s.m.m.a.RequestMappingHandlerMapping - Mapped "{[/functionManage/functionManageList],methods=[POST]}" onto public com.ebase.core.web.json.JsonResponse<java.util.HashMap<java.lang.String, java.util.List<com.ego.services.base.api.vo.Jurisdiction.FunctionManageVO>>> com.ebase.ego.webapps.op.controller.Jurisdiction.FunctionManageController.functionManageList(com.ebase.core.web.json.JsonRequest<com.ego.services.base.api.vo.Jurisdiction.FunctionManageVO>)
[INFO ] 2018-09-08 10:31:25 [main] o.s.w.s.m.m.a.RequestMappingHandlerMapping - Mapped "{[/functionManage/verificationDeleteFunction],methods=[POST]}" onto public com.ebase.core.web.json.JsonResponse<java.lang.String> com.ebase.ego.webapps.op.controller.Jurisdiction.FunctionManageController.verificationDeleteFunction(com.ebase.core.web.json.JsonRequest<com.ego.services.base.api.vo.Jurisdiction.FunctionManageVO>)
[INFO ] 2018-09-08 10:31:25 [main] o.s.w.s.m.m.a.RequestMappingHandlerMapping - Mapped "{[/functionManage/functionManageRoleList],methods=[POST]}" onto public com.ebase.core.web.json.JsonResponse<java.util.HashMap<java.lang.String, java.util.List<com.ego.services.base.api.vo.Jurisdiction.FunctionManageVO>>> com.ebase.ego.webapps.op.controller.Jurisdiction.FunctionManageController.functionManageRoleList(com.ebase.core.web.json.JsonRequest<com.ego.services.base.api.vo.Jurisdiction.FunctionManageVO>)
[INFO ] 2018-09-08 10:31:25 [main] o.s.w.s.m.m.a.RequestMappingHandlerMapping - Mapped "{[/functionManage/updateFunctionManageStatus],methods=[POST]}" onto public com.ebase.core.web.json.JsonResponse<java.lang.Integer> com.ebase.ego.webapps.op.controller.Jurisdiction.FunctionManageController.updateFunctionManageStatus(com.ebase.core.web.json.JsonRequest<java.util.List<com.ego.services.base.api.vo.Jurisdiction.FunctionManageVO>>)
[INFO ] 2018-09-08 10:31:25 [main] o.s.w.s.m.m.a.RequestMappingHandlerMapping - Mapped "{[/functionManage/DeleteFunctionManage],methods=[POST]}" onto public com.ebase.core.web.json.JsonResponse<com.ego.services.base.api.vo.Jurisdiction.FunctionManageVO> com.ebase.ego.webapps.op.controller.Jurisdiction.FunctionManageController.DeleteFunctionManage(com.ebase.core.web.json.JsonRequest<com.ego.services.base.api.vo.Jurisdiction.FunctionManageVO>)
[INFO ] 2018-09-08 10:31:25 [main] o.s.w.s.m.m.a.RequestMappingHandlerMapping - Mapped "{[/functionManage/InsertFunctionManage],methods=[POST]}" onto public com.ebase.core.web.json.JsonResponse<com.ego.services.base.api.vo.Jurisdiction.FunctionManageVO> com.ebase.ego.webapps.op.controller.Jurisdiction.FunctionManageController.InsertFunctionManage(com.ebase.core.web.json.JsonRequest<com.ego.services.base.api.vo.Jurisdiction.FunctionManageVO>)
[INFO ] 2018-09-08 10:31:25 [main] o.s.w.s.m.m.a.RequestMappingHandlerMapping - Mapped "{[/functionManage/keepFunctionManage],methods=[POST]}" onto public com.ebase.core.web.json.JsonResponse<com.ego.services.base.api.vo.Jurisdiction.FunctionManageVO> com.ebase.ego.webapps.op.controller.Jurisdiction.FunctionManageController.keepFunctionManage(com.ebase.core.web.json.JsonRequest<com.ego.services.base.api.vo.Jurisdiction.FunctionManageVO>)
[INFO ] 2018-09-08 10:31:25 [main] o.s.w.s.m.m.a.RequestMappingHandlerMapping - Mapped "{[/orgInfo/getListTreeOrgInfo]}" onto public com.ebase.core.web.json.JsonResponse<java.util.Map<java.lang.String, java.util.List<com.ego.services.base.api.vo.Jurisdiction.OrgInfoVO>>> com.ebase.ego.webapps.op.controller.Jurisdiction.OrgInfoController.getListTreeOrgInfo(com.ebase.core.web.json.JsonRequest<com.ego.services.base.api.vo.Jurisdiction.OrgInfoVO>)
[INFO ] 2018-09-08 10:31:25 [main] o.s.w.s.m.m.a.RequestMappingHandlerMapping - Mapped "{[/orgInfo/getChildTreeOrgInfo]}" onto public com.ebase.core.web.json.JsonResponse<java.util.Map<java.lang.String, java.util.List<com.ego.services.base.api.vo.Jurisdiction.OrgInfoVO>>> com.ebase.ego.webapps.op.controller.Jurisdiction.OrgInfoController.getChildTreeOrgInfo(com.ebase.core.web.json.JsonRequest<com.ego.services.base.api.vo.Jurisdiction.OrgInfoVO>)
[INFO ] 2018-09-08 10:31:25 [main] o.s.w.s.m.m.a.RequestMappingHandlerMapping - Mapped "{[/orgInfo/getMaterielOrginfo]}" onto public com.ebase.core.web.json.JsonResponse<java.util.List<com.ego.services.base.api.vo.Jurisdiction.OrgInfoVO>> com.ebase.ego.webapps.op.controller.Jurisdiction.OrgInfoController.getMaterielOrginfo(com.ebase.core.web.json.JsonRequest<com.ego.services.base.api.vo.Jurisdiction.AcctInfoVO>)
[INFO ] 2018-09-08 10:31:25 [main] o.s.w.s.m.m.a.RequestMappingHandlerMapping - Mapped "{[/orgInfo/addOrgInfo],methods=[POST]}" onto public com.ebase.core.web.json.JsonResponse<java.lang.String> com.ebase.ego.webapps.op.controller.Jurisdiction.OrgInfoController.addOrgInfo(com.ebase.core.web.json.JsonRequest<com.ego.services.base.api.vo.Jurisdiction.OrgInfoVO>)
[INFO ] 2018-09-08 10:31:25 [main] o.s.w.s.m.m.a.RequestMappingHandlerMapping - Mapped "{[/orgInfo/getParityOrgName],methods=[POST]}" onto public com.ebase.core.web.json.JsonResponse<java.lang.Boolean> com.ebase.ego.webapps.op.controller.Jurisdiction.OrgInfoController.getParityOrgName(com.ebase.core.web.json.JsonRequest<com.ego.services.base.api.vo.Jurisdiction.OrgInfoVO>)
[INFO ] 2018-09-08 10:31:25 [main] o.s.w.s.m.m.a.RequestMappingHandlerMapping - Mapped "{[/orgInfo/removeOrgInfo],methods=[POST]}" onto public com.ebase.core.web.json.JsonResponse<java.lang.Integer> com.ebase.ego.webapps.op.controller.Jurisdiction.OrgInfoController.removeOrgInfo(com.ebase.core.web.json.JsonRequest<com.ego.services.base.api.vo.Jurisdiction.OrgInfoVO>)
[INFO ] 2018-09-08 10:31:25 [main] o.s.w.s.m.m.a.RequestMappingHandlerMapping - Mapped "{[/orgInfo/saveOrgInfo],methods=[POST]}" onto public com.ebase.core.web.json.JsonResponse<java.lang.Integer> com.ebase.ego.webapps.op.controller.Jurisdiction.OrgInfoController.saveOrgInfo(com.ebase.core.web.json.JsonRequest<com.ego.services.base.api.vo.Jurisdiction.OrgInfoVO>)
[INFO ] 2018-09-08 10:31:25 [main] o.s.w.s.m.m.a.RequestMappingHandlerMapping - Mapped "{[/orgInfo/getOrgInfo],methods=[POST]}" onto public com.ebase.core.web.json.JsonResponse<com.ego.services.base.api.vo.Jurisdiction.OrgInfoVO> com.ebase.ego.webapps.op.controller.Jurisdiction.OrgInfoController.getOrgInfo(com.ebase.core.web.json.JsonRequest<com.ego.services.base.api.vo.Jurisdiction.OrgInfoVO>)
[INFO ] 2018-09-08 10:31:25 [main] o.s.w.s.m.m.a.RequestMappingHandlerMapping - Mapped "{[/orgInfo/getListOrgInfo],methods=[POST]}" onto public com.ebase.core.web.json.JsonResponse<com.ebase.core.page.PageDTO<com.ego.services.base.api.vo.Jurisdiction.OrgInfoVO>> com.ebase.ego.webapps.op.controller.Jurisdiction.OrgInfoController.getListOrgInfo(com.ebase.core.web.json.JsonRequest<com.ego.services.base.api.vo.Jurisdiction.OrgInfoVO>)
[INFO ] 2018-09-08 10:31:25 [main] o.s.w.s.m.m.a.RequestMappingHandlerMapping - Mapped "{[/roleGroup/verificationDeleteRoleGroup],methods=[POST]}" onto public com.ebase.core.web.json.JsonResponse<java.lang.String> com.ebase.ego.webapps.op.controller.Jurisdiction.RoleGroupController.verificationDeleteRoleGroup(com.ebase.core.web.json.JsonRequest<com.ego.services.base.api.vo.Jurisdiction.RoleGroupVO>)
[INFO ] 2018-09-08 10:31:25 [main] o.s.w.s.m.m.a.RequestMappingHandlerMapping - Mapped "{[/roleGroup/roleGroupList],methods=[POST]}" onto public com.ebase.core.web.json.JsonResponse<com.ebase.core.page.PageDTO<com.ego.services.base.api.vo.Jurisdiction.RoleGroupVO>> com.ebase.ego.webapps.op.controller.Jurisdiction.RoleGroupController.roleGroupList(com.ebase.core.web.json.JsonRequest<com.ego.services.base.api.vo.Jurisdiction.RoleGroupVO>)
[INFO ] 2018-09-08 10:31:25 [main] o.s.w.s.m.m.a.RequestMappingHandlerMapping - Mapped "{[/roleGroup/InsertRoleGroup],methods=[POST]}" onto public com.ebase.core.web.json.JsonResponse<com.ego.services.base.api.vo.Jurisdiction.RoleGroupVO> com.ebase.ego.webapps.op.controller.Jurisdiction.RoleGroupController.InsertRoleGroup(com.ebase.core.web.json.JsonRequest<com.ego.services.base.api.vo.Jurisdiction.RoleGroupVO>)
[INFO ] 2018-09-08 10:31:25 [main] o.s.w.s.m.m.a.RequestMappingHandlerMapping - Mapped "{[/roleGroup/roleGroupAll],methods=[POST]}" onto public com.ebase.core.web.json.JsonResponse<java.util.List<com.ego.services.base.api.vo.Jurisdiction.RoleGroupVO>> com.ebase.ego.webapps.op.controller.Jurisdiction.RoleGroupController.roleGroupAll(com.ebase.core.web.json.JsonRequest<com.ego.services.base.api.vo.Jurisdiction.RoleGroupVO>)
[INFO ] 2018-09-08 10:31:25 [main] o.s.w.s.m.m.a.RequestMappingHandlerMapping - Mapped "{[/roleGroup/keepRoleGroup],methods=[POST]}" onto public com.ebase.core.web.json.JsonResponse<com.ego.services.base.api.vo.Jurisdiction.RoleGroupVO> com.ebase.ego.webapps.op.controller.Jurisdiction.RoleGroupController.keepRoleGroup(com.ebase.core.web.json.JsonRequest<com.ego.services.base.api.vo.Jurisdiction.RoleGroupVO>)
[INFO ] 2018-09-08 10:31:25 [main] o.s.w.s.m.m.a.RequestMappingHandlerMapping - Mapped "{[/roleGroup/DeleteRoleGroup],methods=[POST]}" onto public com.ebase.core.web.json.JsonResponse<com.ego.services.base.api.vo.Jurisdiction.RoleGroupVO> com.ebase.ego.webapps.op.controller.Jurisdiction.RoleGroupController.DeleteRoleGroup(com.ebase.core.web.json.JsonRequest<com.ego.services.base.api.vo.Jurisdiction.RoleGroupVO>)
[INFO ] 2018-09-08 10:31:25 [main] o.s.w.s.m.m.a.RequestMappingHandlerMapping - Mapped "{[/roleInfo/verificationDeleteRoelInfo],methods=[POST]}" onto public com.ebase.core.web.json.JsonResponse<java.lang.String> com.ebase.ego.webapps.op.controller.Jurisdiction.RoleInfoController.verificationDeleteRoelInfo(com.ebase.core.web.json.JsonRequest<com.ego.services.base.api.vo.Jurisdiction.RoleInfoVO>)
[INFO ] 2018-09-08 10:31:25 [main] o.s.w.s.m.m.a.RequestMappingHandlerMapping - Mapped "{[/roleInfo/roleRoleAcctInfo],methods=[POST]}" onto public com.ebase.core.web.json.JsonResponse<java.util.Map> com.ebase.ego.webapps.op.controller.Jurisdiction.RoleInfoController.roleRoleAcctInfo(com.ebase.core.web.json.JsonRequest<com.ego.services.base.api.vo.Jurisdiction.RoleInfoVO>)
[INFO ] 2018-09-08 10:31:25 [main] o.s.w.s.m.m.a.RequestMappingHandlerMapping - Mapped "{[/roleInfo/roleInfoList],methods=[POST]}" onto public com.ebase.core.web.json.JsonResponse<com.ebase.core.page.PageDTO<com.ego.services.base.api.vo.Jurisdiction.RoleInfoVO>> com.ebase.ego.webapps.op.controller.Jurisdiction.RoleInfoController.roleInfoList(com.ebase.core.web.json.JsonRequest<com.ego.services.base.api.vo.Jurisdiction.RoleInfoVO>)
[INFO ] 2018-09-08 10:31:25 [main] o.s.w.s.m.m.a.RequestMappingHandlerMapping - Mapped "{[/roleInfo/roleInfoAllLike],methods=[POST]}" onto public com.ebase.core.web.json.JsonResponse<java.util.List<com.ego.services.base.api.vo.Jurisdiction.RoleInfoVO>> com.ebase.ego.webapps.op.controller.Jurisdiction.RoleInfoController.roleInfoAllLike(com.ebase.core.web.json.JsonRequest<com.ego.services.base.api.vo.Jurisdiction.RoleInfoVO>)
[INFO ] 2018-09-08 10:31:25 [main] o.s.w.s.m.m.a.RequestMappingHandlerMapping - Mapped "{[/roleInfo/roleInfoTree],methods=[POST]}" onto public com.ebase.core.web.json.JsonResponse<java.util.Map> com.ebase.ego.webapps.op.controller.Jurisdiction.RoleInfoController.roleInfoTree(com.ebase.core.web.json.JsonRequest<com.ego.services.base.api.vo.Jurisdiction.RoleInfoVO>)
[INFO ] 2018-09-08 10:31:25 [main] o.s.w.s.m.m.a.RequestMappingHandlerMapping - Mapped "{[/roleInfo/roleInfoAll],methods=[POST]}" onto public com.ebase.core.web.json.JsonResponse<java.util.List<com.ego.services.base.api.vo.Jurisdiction.RoleInfoVO>> com.ebase.ego.webapps.op.controller.Jurisdiction.RoleInfoController.roleInfoAll(com.ebase.core.web.json.JsonRequest<com.ego.services.base.api.vo.Jurisdiction.RoleInfoVO>)
[INFO ] 2018-09-08 10:31:25 [main] o.s.w.s.m.m.a.RequestMappingHandlerMapping - Mapped "{[/roleInfo/keepRoleInfo],methods=[POST]}" onto public com.ebase.core.web.json.JsonResponse<com.ego.services.base.api.vo.Jurisdiction.RoleInfoVO> com.ebase.ego.webapps.op.controller.Jurisdiction.RoleInfoController.keepRoleInfo(com.ebase.core.web.json.JsonRequest<com.ego.services.base.api.vo.Jurisdiction.RoleInfoVO>)
[INFO ] 2018-09-08 10:31:25 [main] o.s.w.s.m.m.a.RequestMappingHandlerMapping - Mapped "{[/roleInfo/DeleteRoleInfo],methods=[POST]}" onto public com.ebase.core.web.json.JsonResponse<com.ego.services.base.api.vo.Jurisdiction.RoleInfoVO> com.ebase.ego.webapps.op.controller.Jurisdiction.RoleInfoController.DeleteRoleInfo(com.ebase.core.web.json.JsonRequest<com.ego.services.base.api.vo.Jurisdiction.RoleInfoVO>)
[INFO ] 2018-09-08 10:31:25 [main] o.s.w.s.m.m.a.RequestMappingHandlerMapping - Mapped "{[/roleInfo/InsertRoleInfo],methods=[POST]}" onto public com.ebase.core.web.json.JsonResponse<com.ego.services.base.api.vo.Jurisdiction.RoleInfoVO> com.ebase.ego.webapps.op.controller.Jurisdiction.RoleInfoController.InsertRoleInfo(com.ebase.core.web.json.JsonRequest<com.ego.services.base.api.vo.Jurisdiction.RoleInfoVO>)
[INFO ] 2018-09-08 10:31:25 [main] o.s.w.s.m.m.a.RequestMappingHandlerMapping - Mapped "{[/sysAcct/getUserFunctionAll]}" onto public com.ebase.core.web.json.JsonResponse<java.util.List<com.ego.services.base.api.vo.Jurisdiction.FunctionManageVO>> com.ebase.ego.webapps.op.controller.Jurisdiction.SysBasicsAccttController.getUserFunctionAll(com.ebase.core.web.json.JsonRequest<com.ego.services.base.api.vo.Jurisdiction.AcctInfoVO>)
[INFO ] 2018-09-08 10:31:25 [main] o.s.w.s.m.m.a.RequestMappingHandlerMapping - Mapped "{[/sysAcct/selectRoleIdAcctInfo]}" onto public com.ebase.core.web.json.JsonResponse<java.util.List<com.ego.services.base.api.vo.Jurisdiction.AcctInfoVO>> com.ebase.ego.webapps.op.controller.Jurisdiction.SysBasicsAccttController.selectRoleIdAcctInfo(com.ebase.core.web.json.JsonRequest<com.ego.services.base.api.vo.Jurisdiction.AcctInfoVO>)
[INFO ] 2018-09-08 10:31:25 [main] o.s.w.s.m.m.a.RequestMappingHandlerMapping - Mapped "{[/sysAcct/sysAcctListExcel]}" onto public com.ebase.core.web.json.JsonResponse com.ebase.ego.webapps.op.controller.Jurisdiction.SysBasicsAccttController.excelListSysParam(java.lang.String)
[INFO ] 2018-09-08 10:31:25 [main] o.s.w.s.m.m.a.RequestMappingHandlerMapping - Mapped "{[/sysAcct/deleteSysAcct2Role2]}" onto public com.ebase.core.web.json.JsonResponse com.ebase.ego.webapps.op.controller.Jurisdiction.SysBasicsAccttController.deleteSysAcct2Role2(com.ebase.core.web.json.JsonRequest<com.ego.services.base.api.vo.Jurisdiction.AcctRoleRealVO>)
[INFO ] 2018-09-08 10:31:25 [main] o.s.w.s.m.m.a.RequestMappingHandlerMapping - Mapped "{[/sysAcct/sysAcctToRoleInfoDelete]}" onto public com.ebase.core.web.json.JsonResponse com.ebase.ego.webapps.op.controller.Jurisdiction.SysBasicsAccttController.deleteSysAcct2Role(com.ebase.core.web.json.JsonRequest<com.ego.services.base.api.vo.Jurisdiction.AcctInfoVO>)
[INFO ] 2018-09-08 10:31:25 [main] o.s.w.s.m.m.a.RequestMappingHandlerMapping - Mapped "{[/sysAcct/sysAcctDiscontinuation]}" onto public com.ebase.core.web.json.JsonResponse com.ebase.ego.webapps.op.controller.Jurisdiction.SysBasicsAccttController.sysAcctDiscontinuation(com.ebase.core.web.json.JsonRequest<com.ego.services.base.api.vo.Jurisdiction.AcctInfoVO>)
[INFO ] 2018-09-08 10:31:25 [main] o.s.w.s.m.m.a.RequestMappingHandlerMapping - Mapped "{[/sysAcct/sysAcctDeleteById]}" onto public com.ebase.core.web.json.JsonResponse com.ebase.ego.webapps.op.controller.Jurisdiction.SysBasicsAccttController.sysAcctDeleteById(com.ebase.core.web.json.JsonRequest<com.ego.services.base.api.vo.Jurisdiction.AcctInfoVO>)
[INFO ] 2018-09-08 10:31:25 [main] o.s.w.s.m.m.a.RequestMappingHandlerMapping - Mapped "{[/sysAcct/LoginAcct]}" onto public com.ebase.core.web.json.JsonResponse com.ebase.ego.webapps.op.controller.Jurisdiction.SysBasicsAccttController.LoginAcct(com.ebase.core.web.json.JsonRequest<com.ego.services.base.api.vo.Jurisdiction.AcctInfoVO>)
[INFO ] 2018-09-08 10:31:25 [main] o.s.w.s.m.m.a.RequestMappingHandlerMapping - Mapped "{[/sysAcct/getAcctInfo]}" onto public com.ebase.core.web.json.JsonResponse<com.ego.services.base.api.vo.Jurisdiction.AcctInfoVO> com.ebase.ego.webapps.op.controller.Jurisdiction.SysBasicsAccttController.getAcctInfo(com.ebase.core.web.json.JsonRequest<com.ego.services.base.api.vo.Jurisdiction.AcctInfoVO>)
[INFO ] 2018-09-08 10:31:25 [main] o.s.w.s.m.m.a.RequestMappingHandlerMapping - Mapped "{[/sysAcct/sysAcctList]}" onto public com.ebase.core.web.json.JsonResponse com.ebase.ego.webapps.op.controller.Jurisdiction.SysBasicsAccttController.listSysParam(com.ebase.core.web.json.JsonRequest<com.ego.services.base.api.vo.Jurisdiction.AcctInfoVO>)
[INFO ] 2018-09-08 10:31:25 [main] o.s.w.s.m.m.a.RequestMappingHandlerMapping - Mapped "{[/sysAcct/getAcct]}" onto public com.ebase.core.web.json.JsonResponse com.ebase.ego.webapps.op.controller.Jurisdiction.SysBasicsAccttController.getSysAcct(com.ebase.core.web.json.JsonRequest<com.ego.services.base.api.vo.Jurisdiction.AcctInfoVO>)
[INFO ] 2018-09-08 10:31:25 [main] o.s.w.s.m.m.a.RequestMappingHandlerMapping - Mapped "{[/sysAcct/sysAcctKeep]}" onto public com.ebase.core.web.json.JsonResponse com.ebase.ego.webapps.op.controller.Jurisdiction.SysBasicsAccttController.sysAcctKeep(com.ebase.core.web.json.JsonRequest<java.util.List<com.ego.services.base.api.vo.Jurisdiction.AcctRoleRealVO>>)
[INFO ] 2018-09-08 10:31:25 [main] o.s.w.s.m.m.a.RequestMappingHandlerMapping - Mapped "{[/sysAcct/addAcct]}" onto public com.ebase.core.web.json.JsonResponse com.ebase.ego.webapps.op.controller.Jurisdiction.SysBasicsAccttController.addAcct(com.ebase.core.web.json.JsonRequest<com.ego.services.base.api.vo.Jurisdiction.AcctInfoVO>)
[INFO ] 2018-09-08 10:31:25 [main] o.s.w.s.m.m.a.RequestMappingHandlerMapping - Mapped "{[/sysAcct/getSysAcctInfo]}" onto public com.ebase.core.web.json.JsonResponse com.ebase.ego.webapps.op.controller.Jurisdiction.SysBasicsAccttController.getSysAcctInfo(com.ebase.core.web.json.JsonRequest<com.ego.services.base.api.vo.Jurisdiction.AcctInfoVO>)
[INFO ] 2018-09-08 10:31:25 [main] o.s.w.s.m.m.a.RequestMappingHandlerMapping - Mapped "{[/sysAcct/sysAcctToAcctRoleRealById]}" onto public com.ebase.core.web.json.JsonResponse com.ebase.ego.webapps.op.controller.Jurisdiction.SysBasicsAccttController.listSysAcct2Role(com.ebase.core.web.json.JsonRequest<com.ego.services.base.api.vo.Jurisdiction.AcctInfoVO>)
[INFO ] 2018-09-08 10:31:25 [main] o.s.w.s.m.m.a.RequestMappingHandlerMapping - Mapped "{[/sysAcct/sysAcctToRoleInfoAdd]}" onto public com.ebase.core.web.json.JsonResponse com.ebase.ego.webapps.op.controller.Jurisdiction.SysBasicsAccttController.addSysAcct2Role(com.ebase.core.web.json.JsonRequest<com.ego.services.base.api.vo.Jurisdiction.AcctRoleRealVO>)
[INFO ] 2018-09-08 10:31:25 [main] o.s.w.s.m.m.a.RequestMappingHandlerMapping - Mapped "{[/sysAcct/sysAcctAddUser]}" onto public com.ebase.core.web.json.JsonResponse com.ebase.ego.webapps.op.controller.Jurisdiction.SysBasicsAccttController.sysAcctAddUser(com.ebase.core.web.json.JsonRequest<com.ego.services.base.api.vo.Jurisdiction.AcctToRoleInfoVO>)
[INFO ] 2018-09-08 10:31:25 [main] o.s.w.s.m.m.a.RequestMappingHandlerMapping - Mapped "{[/error]}" onto public org.springframework.http.ResponseEntity<java.util.Map<java.lang.String, java.lang.Object>> org.springframework.boot.autoconfigure.web.BasicErrorController.error(javax.servlet.http.HttpServletRequest)
[INFO ] 2018-09-08 10:31:25 [main] o.s.w.s.m.m.a.RequestMappingHandlerMapping - Mapped "{[/error],produces=[text/html]}" onto public org.springframework.web.servlet.ModelAndView org.springframework.boot.autoconfigure.web.BasicErrorController.errorHtml(javax.servlet.http.HttpServletRequest,javax.servlet.http.HttpServletResponse)
[INFO ] 2018-09-08 10:31:25 [main] o.s.w.s.h.SimpleUrlHandlerMapping - Mapped URL path [/webjars/**] onto handler of type [class org.springframework.web.servlet.resource.ResourceHttpRequestHandler]
[INFO ] 2018-09-08 10:31:25 [main] o.s.w.s.h.SimpleUrlHandlerMapping - Mapped URL path [/**] onto handler of type [class org.springframework.web.servlet.resource.ResourceHttpRequestHandler]
[INFO ] 2018-09-08 10:31:25 [main] o.s.w.s.h.SimpleUrlHandlerMapping - Mapped URL path [/**/favicon.ico] onto handler of type [class org.springframework.web.servlet.resource.ResourceHttpRequestHandler]
[INFO ] 2018-09-08 10:30:19 [DiscoveryClient-CacheRefreshExecutor-0] c.netflix.discovery.DiscoveryClient - Disable delta property : false
[INFO ] 2018-09-08 10:30:19 [DiscoveryClient-CacheRefreshExecutor-0] c.netflix.discovery.DiscoveryClient - Single vip registry refresh property : null
[INFO ] 2018-09-08 10:30:19 [DiscoveryClient-CacheRefreshExecutor-0] c.netflix.discovery.DiscoveryClient - Force full registry fetch : false
[INFO ] 2018-09-08 10:30:19 [DiscoveryClient-CacheRefreshExecutor-0] c.netflix.discovery.DiscoveryClient - Application is null : false
[INFO ] 2018-09-08 10:30:19 [DiscoveryClient-CacheRefreshExecutor-0] c.netflix.discovery.DiscoveryClient - Registered Applications size is zero : true
[INFO ] 2018-09-08 10:30:19 [DiscoveryClient-CacheRefreshExecutor-0] c.netflix.discovery.DiscoveryClient - Application version is -1: true
[INFO ] 2018-09-08 10:30:19 [DiscoveryClient-CacheRefreshExecutor-0] c.netflix.discovery.DiscoveryClient - Getting all instance registry info from the eureka server
[INFO ] 2018-09-08 10:31:25 [main] o.s.j.e.a.AnnotationMBeanExporter - Registering beans for JMX exposure on startup
[INFO ] 2018-09-08 10:31:25 [main] o.s.j.e.a.AnnotationMBeanExporter - Bean with name 'fdfsConnectionPool' has been autodetected for JMX exposure
[INFO ] 2018-09-08 10:31:25 [main] o.s.j.e.a.AnnotationMBeanExporter - Bean with name 'configurationPropertiesRebinder' has been autodetected for JMX exposure
[INFO ] 2018-09-08 10:31:25 [main] o.s.j.e.a.AnnotationMBeanExporter - Bean with name 'environmentManager' has been autodetected for JMX exposure
[INFO ] 2018-09-08 10:31:25 [main] o.s.j.e.a.AnnotationMBeanExporter - Bean with name 'refreshScope' has been autodetected for JMX exposure
[INFO ] 2018-09-08 10:31:25 [main] o.s.j.e.a.AnnotationMBeanExporter - Located managed bean 'environmentManager': registering with JMX server as MBean [org.springframework.cloud.context.environment:name=environmentManager,type=EnvironmentManager]
[INFO ] 2018-09-08 10:31:25 [main] o.s.j.e.a.AnnotationMBeanExporter - Located MBean 'fdfsConnectionPool': registering with JMX server as MBean [com.github.tobato.fastdfs.conn:name=fdfsConnectionPool,type=FdfsConnectionPool]
[INFO ] 2018-09-08 10:31:25 [main] o.s.j.e.a.AnnotationMBeanExporter - Located managed bean 'refreshScope': registering with JMX server as MBean [org.springframework.cloud.context.scope.refresh:name=refreshScope,type=RefreshScope]
[INFO ] 2018-09-08 10:31:25 [main] o.s.j.e.a.AnnotationMBeanExporter - Located managed bean 'configurationPropertiesRebinder': registering with JMX server as MBean [org.springframework.cloud.context.properties:name=configurationPropertiesRebinder,type=ConfigurationPropertiesRebinder]
[INFO ] 2018-09-08 10:31:25 [main] o.s.c.s.DefaultLifecycleProcessor - Starting beans in phase 0
[INFO ] 2018-09-08 10:31:25 [main] o.s.c.n.eureka.InstanceInfoFactory - Setting initial instance status as: STARTING
[INFO ] 2018-09-08 10:31:25 [main] c.netflix.discovery.DiscoveryClient - Initializing Eureka in region us-east-1
[INFO ] 2018-09-08 10:31:25 [main] c.n.d.p.DiscoveryJerseyProvider - Using JSON encoding codec LegacyJacksonJson
[INFO ] 2018-09-08 10:31:25 [main] c.n.d.p.DiscoveryJerseyProvider - Using JSON decoding codec LegacyJacksonJson
[INFO ] 2018-09-08 10:31:25 [main] c.n.d.p.DiscoveryJerseyProvider - Using XML encoding codec XStreamXml
[INFO ] 2018-09-08 10:31:25 [main] c.n.d.p.DiscoveryJerseyProvider - Using XML decoding codec XStreamXml
[INFO ] 2018-09-08 10:31:25 [main] c.n.d.s.r.aws.ConfigClusterResolver - Resolving eureka endpoints via configuration
[INFO ] 2018-09-08 10:31:25 [main] c.netflix.discovery.DiscoveryClient - Disable delta property : false
[INFO ] 2018-09-08 10:31:25 [main] c.netflix.discovery.DiscoveryClient - Single vip registry refresh property : null
[INFO ] 2018-09-08 10:31:25 [main] c.netflix.discovery.DiscoveryClient - Force full registry fetch : false
[INFO ] 2018-09-08 10:31:25 [main] c.netflix.discovery.DiscoveryClient - Application is null : false
[INFO ] 2018-09-08 10:31:25 [main] c.netflix.discovery.DiscoveryClient - Registered Applications size is zero : true
[INFO ] 2018-09-08 10:31:25 [main] c.netflix.discovery.DiscoveryClient - Application version is -1: true
[INFO ] 2018-09-08 10:31:25 [main] c.netflix.discovery.DiscoveryClient - Getting all instance registry info from the eureka server
[INFO ] 2018-09-08 10:31:25 [main] c.netflix.discovery.DiscoveryClient - The response status is 200
[INFO ] 2018-09-08 10:31:25 [main] c.netflix.discovery.DiscoveryClient - Starting heartbeat executor: renew interval is: 30
[INFO ] 2018-09-08 10:31:25 [main] c.n.discovery.InstanceInfoReplicator - InstanceInfoReplicator onDemand update allowed rate per min is 4
[INFO ] 2018-09-08 10:31:25 [main] c.netflix.discovery.DiscoveryClient - Discovery Client initialized at timestamp 1536373895590 with initial instances count: 1
[INFO ] 2018-09-08 10:31:25 [main] o.s.c.n.e.s.EurekaServiceRegistry - Registering application webapps-op with eureka with status UP
[INFO ] 2018-09-08 10:31:25 [main] c.netflix.discovery.DiscoveryClient - Saw local status change event StatusChangeEvent [timestamp=1536373895647, current=UP, previous=STARTING]
[INFO ] 2018-09-08 10:31:25 [DiscoveryClient-InstanceInfoReplicator-0] c.netflix.discovery.DiscoveryClient - DiscoveryClient_WEBAPPS-OP/10.1.41.112:10183: registering service...
[INFO ] 2018-09-08 10:30:19 [http-nio-10008-exec-10] c.n.e.r.AbstractInstanceRegistry - Registered instance WEBAPPS-OP/10.1.41.112:10183 with status UP (replication=false)
[INFO ] 2018-09-08 10:31:25 [DiscoveryClient-InstanceInfoReplicator-0] c.netflix.discovery.DiscoveryClient - DiscoveryClient_WEBAPPS-OP/10.1.41.112:10183 - registration status: 204
[INFO ] 2018-09-08 10:31:25 [main] o.s.b.c.e.t.TomcatEmbeddedServletContainer - Tomcat started on port(s): 10183 (http)
[INFO ] 2018-09-08 10:31:25 [main] o.s.c.n.e.s.EurekaAutoServiceRegistration - Updating port to 10183
[INFO ] 2018-09-08 10:31:25 [main] c.e.e.w.op.main.WebappsApplication - Started WebappsApplication in 12.393 seconds (JVM running for 13.672)
[INFO ] 2018-09-08 10:31:25 [http-nio-10183-exec-1] o.a.c.c.C.[Tomcat].[localhost].[/] - Initializing Spring FrameworkServlet 'dispatcherServlet'
[INFO ] 2018-09-08 10:31:25 [http-nio-10183-exec-1] o.s.web.servlet.DispatcherServlet - FrameworkServlet 'dispatcherServlet': initialization started
[INFO ] 2018-09-08 10:31:25 [http-nio-10183-exec-1] o.s.web.servlet.DispatcherServlet - FrameworkServlet 'dispatcherServlet': initialization completed in 55 ms
[INFO ] 2018-09-08 10:31:25 [hystrix-base-ser-1] o.s.c.a.AnnotationConfigApplicationContext - Refreshing org.springframework.context.annotation.AnnotationConfigApplicationContext@69fb40d7: startup date [Sat Sep 08 10:31:38 CST 2018]; parent: org.springframework.boot.context.embedded.AnnotationConfigEmbeddedWebApplicationContext@1e6308a9
[INFO ] 2018-09-08 10:31:25 [hystrix-base-ser-1] o.s.b.f.a.AutowiredAnnotationBeanPostProcessor - JSR-330 'javax.inject.Inject' annotation found and supported for autowiring
[INFO ] 2018-09-08 10:31:25 [hystrix-base-ser-1] c.n.config.ChainedDynamicProperty - Flipping property: base-ser.ribbon.ActiveConnectionsLimit to use NEXT property: niws.loadbalancer.availabilityFilteringRule.activeConnectionsLimit = 2147483647
[INFO ] 2018-09-08 10:31:25 [hystrix-base-ser-1] c.n.u.c.ShutdownEnabledTimer - Shutdown hook installed for: NFLoadBalancer-PingTimer-base-ser
[INFO ] 2018-09-08 10:31:25 [hystrix-base-ser-1] c.n.loadbalancer.BaseLoadBalancer - Client: base-ser instantiated a LoadBalancer: DynamicServerListLoadBalancer:{NFLoadBalancer:name=base-ser,current list of Servers=[],Load balancer stats=Zone stats: {},Server stats: []}ServerList:null
[INFO ] 2018-09-08 10:31:25 [hystrix-base-ser-1] c.n.l.DynamicServerListLoadBalancer - Using serverListUpdater PollingServerListUpdater
[INFO ] 2018-09-08 10:31:25 [hystrix-base-ser-1] c.n.config.ChainedDynamicProperty - Flipping property: base-ser.ribbon.ActiveConnectionsLimit to use NEXT property: niws.loadbalancer.availabilityFilteringRule.activeConnectionsLimit = 2147483647
[INFO ] 2018-09-08 10:31:25 [hystrix-base-ser-1] c.n.l.DynamicServerListLoadBalancer - DynamicServerListLoadBalancer for client base-ser initialized: DynamicServerListLoadBalancer:{NFLoadBalancer:name=base-ser,current list of Servers=[GZ-20180428UHPQ:2220],Load balancer stats=Zone stats: {defaultzone=[Zone:defaultzone;	Instance count:1;	Active connections count: 0;	Circuit breaker tripped count: 0;	Active connections per server: 0.0;]
},Server stats: [[Server:GZ-20180428UHPQ:2220;	Zone:defaultZone;	Total Requests:0;	Successive connection failure:0;	Total blackout seconds:0;	Last connection made:Thu Jan 01 08:00:00 CST 1970;	First connection made: Thu Jan 01 08:00:00 CST 1970;	Active Connections:0;	total failure count in last (1000) msecs:0;	average resp time:0.0;	90 percentile resp time:0.0;	95 percentile resp time:0.0;	min resp time:0.0;	max resp time:0.0;	stddev resp time:0.0]
]}ServerList:org.springframework.cloud.netflix.ribbon.eureka.DomainExtractingServerList@644a660
[INFO ] 2018-09-08 10:30:40 [http-nio-2220-exec-1] o.a.c.c.C.[Tomcat].[localhost].[/] - Initializing Spring FrameworkServlet 'dispatcherServlet'
[INFO ] 2018-09-08 10:30:40 [http-nio-2220-exec-1] o.s.web.servlet.DispatcherServlet - FrameworkServlet 'dispatcherServlet': initialization started
[INFO ] 2018-09-08 10:30:40 [http-nio-2220-exec-1] o.s.web.servlet.DispatcherServlet - FrameworkServlet 'dispatcherServlet': initialization completed in 41 ms
[INFO ] 2018-09-08 10:30:40 [http-nio-2220-exec-1] c.e.s.b.f.c.J.FunctionManageController - list 参数 = {
  "functionId" : null,
  "functionCode" : "",
  "functionTitle" : "",
  "functionDesc" : "",
  "idFullPath" : "",
  "titleFullPath" : "",
  "isLastLevel" : null,
  "parentApplicationId" : null,
  "status" : "",
  "createdBy" : "",
  "createdTime" : null,
  "updatedBy" : "",
  "updatedTime" : null,
  "parentApplicationName" : "",
  "functionType" : "",
  "roleId" : null,
  "functionRoleStatus" : "",
  "opt" : "",
  "orgId" : "",
  "isDelete" : "",
  "orgName" : "",
  "functionPath" : "",
  "children" : [ ],
  "orgIdAll" : ""
}
[INFO ] 2018-09-08 10:31:25 [PollingServerListUpdater-0] c.n.config.ChainedDynamicProperty - Flipping property: base-ser.ribbon.ActiveConnectionsLimit to use NEXT property: niws.loadbalancer.availabilityFilteringRule.activeConnectionsLimit = 2147483647
[INFO ] 2018-09-08 10:30:40 [http-nio-2220-exec-1] c.alibaba.druid.pool.DruidDataSource - {dataSource-1} inited
[INFO ] 2018-09-08 10:30:19 [DiscoveryClient-CacheRefreshExecutor-0] c.netflix.discovery.DiscoveryClient - Disable delta property : false
[INFO ] 2018-09-08 10:30:19 [DiscoveryClient-CacheRefreshExecutor-0] c.netflix.discovery.DiscoveryClient - Single vip registry refresh property : null
[INFO ] 2018-09-08 10:30:19 [DiscoveryClient-CacheRefreshExecutor-0] c.netflix.discovery.DiscoveryClient - Force full registry fetch : false
[INFO ] 2018-09-08 10:30:19 [DiscoveryClient-CacheRefreshExecutor-0] c.netflix.discovery.DiscoveryClient - Application is null : false
[INFO ] 2018-09-08 10:30:19 [DiscoveryClient-CacheRefreshExecutor-0] c.netflix.discovery.DiscoveryClient - Registered Applications size is zero : true
[INFO ] 2018-09-08 10:30:19 [DiscoveryClient-CacheRefreshExecutor-0] c.netflix.discovery.DiscoveryClient - Application version is -1: true
[INFO ] 2018-09-08 10:30:19 [DiscoveryClient-CacheRefreshExecutor-0] c.netflix.discovery.DiscoveryClient - Getting all instance registry info from the eureka server
